This is pdfTeX, Version 3.14159265-2.6-1.40.19 (TeX Live 2018) (preloaded format=pdflatex 2018.4.16)  17 APR 2026 15:16
entering extended mode
 restricted \write18 enabled.
 file:line:error style messages enabled.
 %&-line parsing enabled.
**cic.tex
(./cic.tex
LaTeX2e <2018-04-01> patch level 2
Babel <3.18> and hyphenation patterns for 84 language(s) loaded.
(/usr/local/texlive/2018/texmf-dist/tex/latex/base/book.cls
Document Class: book 2014/09/29 v1.4h Standard LaTeX document class
(/usr/local/texlive/2018/texmf-dist/tex/latex/base/bk12.clo
File: bk12.clo 2014/09/29 v1.4h Standard LaTeX file (size option)
)
\c@part=\count80
\c@chapter=\count81
\c@section=\count82
\c@subsection=\count83
\c@subsubsection=\count84
\c@paragraph=\count85
\c@subparagraph=\count86
\c@figure=\count87
\c@table=\count88
\abovecaptionskip=\skip41
\belowcaptionskip=\skip42
\bibindent=\dimen102
)
(/usr/local/texlive/2018/texmf-dist/tex/latex/amsmath/amsmath.sty
Package: amsmath 2017/09/02 v2.17a AMS math features
\@mathmargin=\skip43

For additional information on amsmath, use the `?' option.
(/usr/local/texlive/2018/texmf-dist/tex/latex/amsmath/amstext.sty
Package: amstext 2000/06/29 v2.01 AMS text

(/usr/local/texlive/2018/texmf-dist/tex/latex/amsmath/amsgen.sty
File: amsgen.sty 1999/11/30 v2.0 generic functions
\@emptytoks=\toks14
\ex@=\dimen103
))
(/usr/local/texlive/2018/texmf-dist/tex/latex/amsmath/amsbsy.sty
Package: amsbsy 1999/11/29 v1.2d Bold Symbols
\pmbraise@=\dimen104
)
(/usr/local/texlive/2018/texmf-dist/tex/latex/amsmath/amsopn.sty
Package: amsopn 2016/03/08 v2.02 operator names
)
\inf@bad=\count89
LaTeX Info: Redefining \frac on input line 213.
\uproot@=\count90
\leftroot@=\count91
LaTeX Info: Redefining \overline on input line 375.
\classnum@=\count92
\DOTSCASE@=\count93
LaTeX Info: Redefining \ldots on input line 472.
LaTeX Info: Redefining \dots on input line 475.
LaTeX Info: Redefining \cdots on input line 596.
\Mathstrutbox@=\box26
\strutbox@=\box27
\big@size=\dimen105
LaTeX Font Info:    Redeclaring font encoding OML on input line 712.
LaTeX Font Info:    Redeclaring font encoding OMS on input line 713.
\macc@depth=\count94
\c@MaxMatrixCols=\count95
\dotsspace@=\muskip10
\c@parentequation=\count96
\dspbrk@lvl=\count97
\tag@help=\toks15
\row@=\count98
\column@=\count99
\maxfields@=\count100
\andhelp@=\toks16
\eqnshift@=\dimen106
\alignsep@=\dimen107
\tagshift@=\dimen108
\tagwidth@=\dimen109
\totwidth@=\dimen110
\lineht@=\dimen111
\@envbody=\toks17
\multlinegap=\skip44
\multlinetaggap=\skip45
\mathdisplay@stack=\toks18
LaTeX Info: Redefining \[ on input line 2817.
LaTeX Info: Redefining \] on input line 2818.
)
(/usr/local/texlive/2018/texmf-dist/tex/latex/amsfonts/amssymb.sty
Package: amssymb 2013/01/14 v3.01 AMS font symbols

(/usr/local/texlive/2018/texmf-dist/tex/latex/amsfonts/amsfonts.sty
Package: amsfonts 2013/01/14 v3.01 Basic AMSFonts support
\symAMSa=\mathgroup4
\symAMSb=\mathgroup5
LaTeX Font Info:    Overwriting math alphabet `\mathfrak' in version `bold'
(Font)                  U/euf/m/n --> U/euf/b/n on input line 106.
))
(/usr/local/texlive/2018/texmf-dist/tex/latex/tools/array.sty
Package: array 2018/04/07 v2.4g Tabular extension package (FMi)
\col@sep=\dimen112
\ar@mcellbox=\box28
\extrarowheight=\dimen113
\NC@list=\toks19
\extratabsurround=\skip46
\backup@length=\skip47
\ar@cellbox=\box29
)
(/usr/local/texlive/2018/texmf-dist/tex/latex/amsmath/amscd.sty
Package: amscd 2017/04/14 v2.1 AMS Commutative Diagrams
\athelp@=\toks20
\minaw@=\dimen114
\bigaw@=\dimen115
\minCDarrowwidth=\dimen116
)
(/usr/local/texlive/2018/texmf-dist/tex/latex/base/makeidx.sty
Package: makeidx 2014/09/29 v1.0m Standard LaTeX package
)
(/usr/local/texlive/2018/texmf-dist/tex/latex/graphics/graphics.sty
Package: graphics 2017/06/25 v1.2c Standard LaTeX Graphics (DPC,SPQR)

(/usr/local/texlive/2018/texmf-dist/tex/latex/graphics/trig.sty
Package: trig 2016/01/03 v1.10 sin cos tan (DPC)
)
(/usr/local/texlive/2018/texmf-dist/tex/latex/graphics-cfg/graphics.cfg
File: graphics.cfg 2016/06/04 v1.11 sample graphics configuration
)
Package graphics Info: Driver file: pdftex.def on input line 99.

(/usr/local/texlive/2018/texmf-dist/tex/latex/graphics-def/pdftex.def
File: pdftex.def 2018/01/08 v1.0l Graphics/color driver for pdftex
))
(./copyright.tex
COPYRIGHT option, 20 January 2004
)
\c@exercisenumber=\count101
\c@exercisepart=\count102
\c@derivexercise=\count103
\c@firstintexercise=\count104
\c@softexercise=\count105
\c@spina=\count106
\c@spinb=\count107

No file cic.aux.
\openout1 = `cic.aux'.

LaTeX Font Info:    Checking defaults for OML/cmm/m/it on input line 55.
LaTeX Font Info:    ... okay on input line 55.
LaTeX Font Info:    Checking defaults for T1/cmr/m/n on input line 55.
LaTeX Font Info:    ... okay on input line 55.
LaTeX Font Info:    Checking defaults for OT1/cmr/m/n on input line 55.
LaTeX Font Info:    ... okay on input line 55.
LaTeX Font Info:    Checking defaults for OMS/cmsy/m/n on input line 55.
LaTeX Font Info:    ... okay on input line 55.
LaTeX Font Info:    Checking defaults for OMX/cmex/m/n on input line 55.
LaTeX Font Info:    ... okay on input line 55.
LaTeX Font Info:    Checking defaults for U/cmr/m/n on input line 55.
LaTeX Font Info:    ... okay on input line 55.
(/usr/local/texlive/2018/texmf-dist/tex/context/base/mkii/supp-pdf.mkii
[Loading MPS to PDF converter (version 2006.09.02).]
\scratchcounter=\count108
\scratchdimen=\dimen117
\scratchbox=\box30
\nofMPsegments=\count109
\nofMParguments=\count110
\everyMPshowfont=\toks21
\MPscratchCnt=\count111
\MPscratchDim=\dimen118
\MPnumerator=\count112
\makeMPintoPDFobject=\count113
\everyMPtoPDFconversion=\toks22
) (/usr/local/texlive/2018/texmf-dist/tex/latex/oberdiek/epstopdf-base.sty
Package: epstopdf-base 2016/05/15 v2.6 Base part for package epstopdf

(/usr/local/texlive/2018/texmf-dist/tex/generic/oberdiek/infwarerr.sty
Package: infwarerr 2016/05/16 v1.4 Providing info/warning/error messages (HO)
)
(/usr/local/texlive/2018/texmf-dist/tex/latex/oberdiek/grfext.sty
Package: grfext 2016/05/16 v1.2 Manage graphics extensions (HO)

(/usr/local/texlive/2018/texmf-dist/tex/generic/oberdiek/kvdefinekeys.sty
Package: kvdefinekeys 2016/05/16 v1.4 Define keys (HO)

(/usr/local/texlive/2018/texmf-dist/tex/generic/oberdiek/ltxcmds.sty
Package: ltxcmds 2016/05/16 v1.23 LaTeX kernel commands for general use (HO)
)))
(/usr/local/texlive/2018/texmf-dist/tex/latex/oberdiek/kvoptions.sty
Package: kvoptions 2016/05/16 v3.12 Key value format for package options (HO)

(/usr/local/texlive/2018/texmf-dist/tex/latex/graphics/keyval.sty
Package: keyval 2014/10/28 v1.15 key=value parser (DPC)
\KV@toks@=\toks23
)
(/usr/local/texlive/2018/texmf-dist/tex/generic/oberdiek/kvsetkeys.sty
Package: kvsetkeys 2016/05/16 v1.17 Key value parser (HO)

(/usr/local/texlive/2018/texmf-dist/tex/generic/oberdiek/etexcmds.sty
Package: etexcmds 2016/05/16 v1.6 Avoid name clashes with e-TeX commands (HO)

(/usr/local/texlive/2018/texmf-dist/tex/generic/oberdiek/ifluatex.sty
Package: ifluatex 2016/05/16 v1.4 Provides the ifluatex switch (HO)
Package ifluatex Info: LuaTeX not detected.
)
Package etexcmds Info: Could not find \expanded.
(etexcmds)             That can mean that you are not using pdfTeX 1.50 or
(etexcmds)             that some package has redefined \expanded.
(etexcmds)             In the latter case, load this package earlier.
)))
(/usr/local/texlive/2018/texmf-dist/tex/generic/oberdiek/pdftexcmds.sty
Package: pdftexcmds 2018/01/30 v0.27 Utility functions of pdfTeX for LuaTeX (HO
)

(/usr/local/texlive/2018/texmf-dist/tex/generic/oberdiek/ifpdf.sty
Package: ifpdf 2017/03/15 v3.2 Provides the ifpdf switch
)
Package pdftexcmds Info: LuaTeX not detected.
Package pdftexcmds Info: \pdf@primitive is available.
Package pdftexcmds Info: \pdf@ifprimitive is available.
Package pdftexcmds Info: \pdfdraftmode found.
)
Package epstopdf-base Info: Redefining graphics rule for `.eps' on input line 4
38.
Package grfext Info: Graphics extension search list:
(grfext)             [.pdf,.png,.jpg,.mps,.jpeg,.jbig2,.jb2,.PDF,.PNG,.JPG,.JPE
G,.JBIG2,.JB2,.eps]
(grfext)             \AppendGraphicsExtensions on input line 456.

(/usr/local/texlive/2018/texmf-dist/tex/latex/latexconfig/epstopdf-sys.cfg
File: epstopdf-sys.cfg 2010/07/13 v1.3 Configuration of (r)epstopdf for TeX Liv
e
))
\openout2 = `pref2008.aux'.


(./pref2008.tex) [1.15.16


Non-PDF special ignored!
<special> !userdict begin /bop-hook {gsave 100 40 translate /Helvetica find...


{/usr/local/texlive/2018/texmf-var/fonts/map/pdftex/updmap/pdftex.map}]
\openout2 = `pref1994.aux'.


(./pref1994.tex [2.15.16



]
LaTeX Font Info:    Try loading font information for U+msa on input line 32.

(/usr/local/texlive/2018/texmf-dist/tex/latex/amsfonts/umsa.fd
File: umsa.fd 2013/01/14 v3.01 AMS symbols A
)
LaTeX Font Info:    Try loading font information for U+msb on input line 32.

(/usr/local/texlive/2018/texmf-dist/tex/latex/amsfonts/umsb.fd
File: umsb.fd 2013/01/14 v3.01 AMS symbols B
) [3.15.16]
[4.15.16] [5.15.16] [6.15.16] [7.15.16] [8.15.16] [9.15.16] [10.15.16])
[11.15.16] [12.15.16


] (./cic.toc [13.15.16] [14.15.16] [15.15.16] [16.15.16]
[17.15.16] [18.15.16] [19.15.16] [20.15.16])
\tf@toc=\write3
\openout3 = `cic.toc'.

 [21.15.16] [22.15.16]
\openout2 = `ch1.aux'.

 (./ch1.tex
Chapter 1.

Overfull \hbox (5.70561pt too wide) in paragraph at lines 39--49
[]\OT1/cmr/m/n/12 An epi-demic is a com-pli-cated mat-ter, but the dan-gers pos
ed by contagion---
 []

[1.15.16


]
LaTeX Font Info:    Try loading font information for OMS+cmr on input line 59.
 (/usr/local/texlive/2018/texmf-dist/tex/latex/base/omscmr.fd
File: omscmr.fd 2014/09/29 v2.5h Standard LaTeX font definitions
)
LaTeX Font Info:    Font shape `OMS/cmr/m/n' in size <12> not available
(Font)              Font shape `OMS/cmsy/m/n' tried instead on input line 59.

Underfull \vbox (badness 2042) has occurred while \output is active []

 [2.15.16]
Underfull \vbox (badness 2012) has occurred while \output is active []

 [3.15.16]
[4.15.16] [5.15.16] [6.15.16] [7.15.16]
Overfull \hbox (30.50256pt too wide) in paragraph at lines 412--414
[][]
 []


Underfull \hbox (badness 10000) in paragraph at lines 412--414

 []

[8.15.16]
Overfull \hbox (30.50256pt too wide) in paragraph at lines 528--530
[][]
 []


Underfull \hbox (badness 10000) in paragraph at lines 528--530

 []

[9.15.16] [10.15.16]

LaTeX Warning: Reference ``future'' on page 11 undefined on input line 658.

[11.15.16] [12.15.16]

LaTeX Warning: Reference ``measles'' on page 13 undefined on input line 762.


LaTeX Warning: Reference `backwards' on page 13 undefined on input line 799.

[13.15.16]
Overfull \vbox (2.0pt too high) has occurred while \output is active []

 [14.15.16]

LaTeX Warning: Reference ``threeday'' on page 15 undefined on input line 918.


LaTeX Warning: Reference ``threeday'' on page 15 undefined on input line 930.

[15.15.16] [16.15.16] [17.15.16] [18.15.16]

LaTeX Warning: Reference `Sgraph' on page 19 undefined on input line 1146.


LaTeX Warning: Reference `Rgraph' on page 19 undefined on input line 1147.


Overfull \vbox (4.0pt too high) has occurred while \output is active []

 [19.15.16]

LaTeX Warning: Reference ``modelstart'' on page 20 undefined on input line 1275
.


LaTeX Warning: Reference ``modelend'' on page 20 undefined on input line 1275.

[20.15.16] [21.15.16]

LaTeX Warning: Reference ``analyzestart'' on page 22 undefined on input line 13
70.


LaTeX Warning: Reference ``analyzeend'' on page 22 undefined on input line 1370
.


LaTeX Warning: Reference ``threeday'' on page 22 undefined on input line 1383.

[22.15.16]

LaTeX Warning: Reference ``threeday'' on page 23 undefined on input line 1417.


LaTeX Warning: Reference ``differences'' on page 23 undefined on input line 142
6.


LaTeX Warning: Reference ``threshold'' on page 23 undefined on input line 1439.


[23.15.16] [24.15.16]

LaTeX Warning: Reference ``diagram'' on page 25 undefined on input line 1533.

[25.15.16] [26.15.16] [27.15.16]

LaTeX Warning: Reference ``flowchart'' on page 28 undefined on input line 1674.


[28.15.16] [29.15.16] [30.15.16]
Overfull \hbox (76.04878pt too wide) in paragraph at lines 1904--1905
[][] 
 []


LaTeX Warning: Reference ``twain'' on page 31 undefined on input line 1942.

[31.15.16]

LaTeX Font Warning: Font shape `OT1/cmss/m/it' in size <10> not available
(Font)              Font shape `OT1/cmss/m/sl' tried instead on input line 1978
.


Overfull \vbox (7.0pt too high) has occurred while \output is active []

 [32.15.16]
Overfull \hbox (26.04924pt too wide) in paragraph at lines 2099--2100
[][] 
 []

[33.15.16]
Overfull \hbox (26.04924pt too wide) in paragraph at lines 2138--2139
[][] 
 []


Overfull \hbox (26.04924pt too wide) in paragraph at lines 2196--2197
[][] 
 []

[34.15.16]

LaTeX Warning: Reference `sunrise table' on page 35 undefined on input line 224
8.

[35.15.16]

LaTeX Warning: Reference ``threshold'' on page 36 undefined on input line 2287.



LaTeX Warning: Reference ``setthresh'' on page 36 undefined on input line 2288.



LaTeX Warning: Reference ``flowchart'' on page 36 undefined on input line 2320.


[36.15.16]

LaTeX Warning: Reference ``thereback'' on page 37 undefined on input line 2357.


[37.15.16] [38.15.16] [39.15.16] [40.15.16] [41.15.16
Non-PDF special ignored!
<special> psfile=../ps/calc1/trig1.ps
Non-PDF special ignored!
<special> psfile=../ps/calc1/trig2.ps
] [42.15.16] [43.15.16] [44.15.16] [45.15.16] [46.15.16]
Overfull \hbox (10.59491pt too wide) in paragraph at lines 2950--2953
\OT1/cmr/m/n/12 a) Let $\OML/cmm/m/it/12 P$ \OT1/cmr/m/n/12 de-note the pop-u-l
a-tion of Poland and $\OML/cmm/m/it/12 A$ \OT1/cmr/m/n/12 the pop-u-la-tion of 
Afghanistan.
 []

[47.15.16] [48.15.16]

LaTeX Warning: Reference ``loop'' on page 49 undefined on input line 3030.


LaTeX Warning: Reference ``threeday'' on page 49 undefined on input line 3048.

[49.15.16] [50.15.16]

LaTeX Warning: Reference ``flowchart'' on page 51 undefined on input line 3205.


[51.15.16] [52.15.16]

LaTeX Warning: Reference ``threeday'' on page 53 undefined on input line 3314.


LaTeX Warning: Reference ``flowchart'' on page 53 undefined on input line 3324.



LaTeX Warning: Reference `prog' on page 53 undefined on input line 3340.


LaTeX Warning: Reference `prog' on page 53 undefined on input line 3348.

[53.15.16]

LaTeX Warning: Reference `prog' on page 54 undefined on input line 3353.

[54.15.16] [55.15.16]

LaTeX Warning: Reference ``threshold'' on page 56 undefined on input line 3534.



LaTeX Warning: Reference ``threeday'' on page 56 undefined on input line 3540.


Overfull \hbox (6.10144pt too wide) in paragraph at lines 3549--3552
\OT1/cmr/m/n/12 21. On what day do you es-ti-mate the in-fected pop-u-la-tion g
rows most rapidly?
 []


LaTeX Warning: Reference ``threeday'' on page 56 undefined on input line 3557.


LaTeX Warning: Reference ``therebackprob'' on page 56 undefined on input line 3
570.


LaTeX Warning: Reference ``falling'' on page 56 undefined on input line 3574.


LaTeX Warning: Reference ``cooling'' on page 56 undefined on input line 3574.

[56.15.16] [57.15.16] [58.15.16] [59.15.16] [60.15.16])
\openout2 = `ch2.aux'.

 (./ch2.tex
Chapter 2.
[61.15.16




]

LaTeX Warning: Reference ``thereback'' on page 62 undefined on input line 78.

[62.15.16]

LaTeX Warning: Reference ``therebackprob'' on page 63 undefined on input line 9
3.

[63.15.16] [64.15.16]
Overfull \hbox (3.68808pt too wide) in paragraph at lines 287--287
[]\OT1/cmtt/m/n/10 deltat = (tfinal - tinitial)/numberofsteps[] 
 []


Overfull \hbox (35.83286pt too wide) in paragraph at lines 257--318
[]   []
 []


Underfull \vbox (badness 1521) has occurred while \output is active []

 [65.15.16]
[66.15.16] [67.15.16] [68.15.16
Non-PDF special ignored!
<special> psfile=../ps/calc1/picture3.ps
] [69.15.16] [70.15.16
Non-PDF special ignored!
<special> psfile=../ps/calc1/picture2.ps
]

LaTeX Warning: Reference ``threeday'' on page 71 undefined on input line 650.

[71.15.16] [72.15.16] [73.15.16] [74.15.16]

LaTeX Warning: Reference `backwards2' on page 75 undefined on input line 936.


LaTeX Warning: Reference ``dotdot'' on page 75 undefined on input line 938.

[75.15.16]

LaTeX Warning: Reference `backwards2' on page 76 undefined on input line 954.

[76.15.16]
Overfull \vbox (6.0pt too high) has occurred while \output is active []

 [77.15.16] [78.15.16] [79.15.16] [80.15.16] [81.15.16
Non-PDF special ignored!
<special> psfile=../ps/calc1/picture4.ps
] [82.15.16
Non-PDF special ignored!
<special> psfile=../ps/calc1/picture5.ps
]
Overfull \hbox (30.2047pt too wide) in paragraph at lines 1368--1377
[]$[] []$ 
 []


Overfull \hbox (13.2671pt too wide) in paragraph at lines 1337--1379
[][] [] 
 []

[83.15.16]

LaTeX Warning: Reference `backwards2' on page 84 undefined on input line 1410.

[84.15.16]

LaTeX Warning: Reference `Poland' on page 85 undefined on input line 1450.


LaTeX Warning: Reference ``sequence'' on page 85 undefined on input line 1483.

[85.15.16] [86.15.16] [87.15.16] [88.15.16] [89.15.16]
Overfull \vbox (14.0pt too high) has occurred while \output is active []

 [90.15.16]

LaTeX Warning: Reference `roots' on page 91 undefined on input line 1849.

[91.15.16]
Overfull \vbox (1.03331pt too high) has occurred while \output is active []


[92.15.16] [93.15.16] [94.15.16] [95.15.16] [96.15.16] [97.15.16] [98.15.16]

LaTeX Warning: Reference ``logistic'' on page 99 undefined on input line 2345.

[99.15.16]) [100.15.16
Non-PDF special ignored!
<special> psfile =../ps/calc1/sir.ps
]
\openout2 = `ch3.aux'.

 (./ch3.tex
Chapter 3.
[101.15.16



] [102.15.16] [103.15.16] [104.15.16]
Overfull \vbox (4.0pt too high) has occurred while \output is active []

 [105.15.16] [106.15.16] [107.15.16
Non-PDF special ignored!
<special> psfile=../ps/calc1/profile.ps
]
Underfull \hbox (badness 2772) in paragraph at lines 402--407
\OT1/cmr/m/n/12 rates ge-o-met-ri-cally. We
 []


Underfull \hbox (badness 10000) in paragraph at lines 402--407

 []

[108.15.16
Non-PDF special ignored!
<special> psfile=../ps/calc1/sunrise1.ps
Non-PDF special ignored!
<special> psfile=../ps/calc1/sunrise2a.ps
]

LaTeX Warning: Reference `'table'' on page 109 undefined on input line 448.

[109.15.16] [110.15.16
Non-PDF special ignored!
<special> psfile=../ps/calc1/mag1.ps
Non-PDF special ignored!
<special> psfile=../ps/calc1/mag2.ps
Non-PDF special ignored!
<special> psfile=../ps/calc1/mag3.ps
Non-PDF special ignored!
<special> psfile=../ps/calc1/mag4.ps
Non-PDF special ignored!
<special> psfile=../ps/calc1/mag5.ps
Non-PDF special ignored!
<special> psfile=../ps/calc1/mag6.ps
] [111.15.16]
Overfull \hbox (360.0pt too wide) detected at line 612
[]
 []

[112.15.16] [113.15.16
Non-PDF special ignored!
<special> psfile=../ps/calc1/cusp1.ps
Non-PDF special ignored!
<special> psfile=../ps/calc1/cusp2.ps
] [114.15.16
Non-PDF special ignored!
<special> psfile=../ps/calc1/cusp3.ps
] [115.15.16] [116.15.16] [117.15.16
Non-PDF special ignored!
<special> psfile=../ps/calc1/prob114.ps
] [118.15.16
Non-PDF special ignored!
<special> psfile=../ps/calc1/prob115.ps
] [119.15.16] (./a331.tex) [120.15.16] (./a332.tex) [121.15.16]

LaTeX Warning: Reference ``zoom'' on page 122 undefined on input line 1152.

[122.15.16] [123.15.16] [124.15.16] (./a333.tex) [125.15.16] (./a334.tex)
[126.15.16] (./a335.tex) [127.15.16] [128.15.16] [129.15.16
Non-PDF special ignored!
<special> psfile=../ps/calc1/micro1.ps
] [130.15.16]

LaTeX Warning: Reference `window' on page 131 undefined on input line 1664.

[131.15.16] [132.15.16] [133.15.16] [134.15.16] [135.15.16] [136.15.16]
[137.15.16] [138.15.16]

LaTeX Warning: Reference `house' on page 139 undefined on input line 2097.

[139.15.16] [140.15.16] [141.15.16] [142.15.16] [143.15.16] [144.15.16]
[145.15.16
Non-PDF special ignored!
<special> psfile=../ps/calc1/iiprime.ps
] [146.15.16
Non-PDF special ignored!
<special> psfile=../ps/calc1/funny.ps
] [147.15.16
Non-PDF special ignored!
<special> psfile=../ps/calc1/funnyslope.ps
Non-PDF special ignored!
<special> psfile=../ps/calc1/funny3.ps
] [148.15.16] [149.15.16] [150.15.16] [151.15.16
Non-PDF special ignored!
<special> psfile=../ps/calc1/sinprob.ps
Non-PDF special ignored!
<special> psfile=../ps/calc1/shaded.ps
]
Underfull \vbox (badness 10000) has occurred while \output is active []

 [152.15.16
Non-PDF special ignored!
<special> psfile=../ps/calc1/qualsketch.ps
] [153.15.16] [154.15.16] [155.15.16] [156.15.16] [157.15.16] [158.15.16]
[159.15.16] [160.15.16] [161.15.16] [162.15.16]

LaTeX Warning: Reference ``sin(5x)'' on page 163 undefined on input line 3378.

[163.15.16] [164.15.16] [165.15.16] [166.15.16] [167.15.16] [168.15.16]
[169.15.16] [170.15.16] [171.15.16] [172.15.16] [173.15.16] [174.15.16]
[175.15.16]
Overfull \hbox (0.90816pt too wide) in paragraph at lines 4084--4087
[]\OT1/cmr/m/n/12 The mi-cro-scope equa-tion de-scribes \OT1/cmr/bx/n/12 er-ror
 prop-a-ga-tion \OT1/cmr/m/n/12 when one quan-
 []

[176.15.16] [177.15.16] [178.15.16])
\openout2 = `ch4.aux'.

 (./ch4.tex
Chapter 4.
[179.15.16




]

LaTeX Warning: Reference `differential' on page 180 undefined on input line 86.


[180.15.16] [181.15.16] [182.15.16
Non-PDF special ignored!
<special> psfile=../ps/calc1/pic178.ps
]

LaTeX Warning: Reference `logistic-begin' on page 183 undefined on input line 2
39.


LaTeX Warning: Reference `logistic-end' on page 183 undefined on input line 239
.

[183.15.16] [184.15.16
Non-PDF special ignored!
<special> psfile=../ps/calc1/pic180.ps
] [185.15.16
Non-PDF special ignored!
<special> psfile=../ps/calc1/pic181.ps
] [186.15.16] [187.15.16
Non-PDF special ignored!
<special> psfile=../ps/calc1/rf1.ps
] [188.15.16
Non-PDF special ignored!
<special> psfile=../ps/calc1/rf2.ps
] [189.15.16] [190.15.16] [191.15.16] [192.15.16] [193.15.16]

LaTeX Warning: Reference `DO-WHILE' on page 194 undefined on input line 569.

[194.15.16
Non-PDF special ignored!
<special> psfile=../ps/calc1/hare1.ps
] [195.15.16] [196.15.16] [197.15.16] [198.15.16] [199.15.16] [200.15.16]
[201.15.16] [202.15.16] [203.15.16] [204.15.16] [205.15.16] [206.15.16]
[207.15.16] [208.15.16]

LaTeX Warning: Reference `Q(240)' on page 209 undefined on input line 1227.


Underfull \vbox (badness 2753) has occurred while \output is active []

 [209.15.16] [210.15.16
Non-PDF special ignored!
<special> psfile=../ps/calc1/pic204a.ps
Non-PDF special ignored!
<special> psfile=../ps/calc1/pic204b.ps
] [211.15.16] [212.15.16] [213.15.16
Non-PDF special ignored!
<special> psfile=../ps/calc1/pic207.ps
]
Overfull \hbox (25.74568pt too wide) in paragraph at lines 1464--1471
[]\OT1/cmr/m/n/12 We should treat the ini-tial pop-u-la-tion and the growth con
-stant as parameters---
 []

[214.15.16] [215.15.16] [216.15.16] [217.15.16] [218.15.16] [219.15.16]

LaTeX Warning: Reference `cooling coffee' on page 220 undefined on input line 1
742.


LaTeX Warning: Reference `ex:coffee1' on page 220 undefined on input line 1760.



LaTeX Warning: Reference `ex:coffee2' on page 220 undefined on input line 1766.



LaTeX Warning: Reference `ex:cold drink' on page 220 undefined on input line 17
80.

[220.15.16] [221.15.16] [222.15.16] [223.15.16]
Underfull \hbox (badness 5036) in paragraph at lines 1927--1932
\OT1/cmr/m/n/12 in the sus-pen-sion of a car) or am-plify and mea-sure them (as

 []


Underfull \hbox (badness 10000) in paragraph at lines 1927--1932

 []

[224.15.16
Non-PDF special ignored!
<special> psfile=../ps/calc1/spring9.ps
] [225.15.16] [226.15.16]

LaTeX Warning: Reference `ex:base 2' on page 227 undefined on input line 2060.


Underfull \hbox (badness 10000) in paragraph at lines 2107--2111

 []

[227.15.16] [228.15.16] [229.15.16] [230.15.16] [231.15.16] [232.15.16]
[233.15.16] [234.15.16] [235.15.16] [236.15.16] [237.15.16] [238.15.16]
[239.15.16] [240.15.16] [241.15.16]

LaTeX Warning: Reference `ex:falling body1' on page 242 undefined on input line
 2877.


LaTeX Warning: Reference `ex:falling body2' on page 242 undefined on input line
 2889.


LaTeX Warning: Reference `ex:falling body3' on page 242 undefined on input line
 2895.

[242.15.16]
Underfull \vbox (badness 1142) has occurred while \output is active []

 [243.15.16] [244.15.16] [245.15.16] [246.15.16] [247.15.16
Non-PDF special ignored!
<special> psfile=../ps/calc1/log1.ps
] [248.15.16] [249.15.16
Non-PDF special ignored!
<special> psfile=../ps/calc1/log2.ps
] [250.15.16
Non-PDF special ignored!
<special> psfile=../ps/calc1/log3.ps
Non-PDF special ignored!
<special> psfile=../ps/calc1/log4.ps
] [251.15.16] [252.15.16]

LaTeX Warning: Reference `k_b' on page 253 undefined on input line 3498.

[253.15.16] [254.15.16] [255.15.16] [256.15.16] [257.15.16] [258.15.16]
[259.15.16]

LaTeX Warning: Reference `spring-begin' on page 260 undefined on input line 384
2.


LaTeX Warning: Reference `spring-end' on page 260 undefined on input line 3842.


[260.15.16]

LaTeX Warning: Reference `falling body0' on page 261 undefined on input line 38
49.

[261.15.16]

LaTeX Warning: Reference `basic derivs' on page 262 undefined on input line 391
5.

[262.15.16]

LaTeX Warning: Reference `deriv table' on page 263 undefined on input line 3969
.

[263.15.16] [264.15.16]
Overfull \hbox (55.00882pt too wide) detected at line 4147
[]
 []


Overfull \vbox (6.0pt too high) has occurred while \output is active []

 [265.15.16]

LaTeX Warning: Reference `sirvalue' on page 266 undefined on input line 4218.

[266.15.16]

LaTeX Warning: Reference `sirplot' on page 267 undefined on input line 4246.

[267.15.16
Non-PDF special ignored!
<special> psfile=../ps/calc1/pic260.ps
] [268.15.16] [269.15.16] [270.15.16] [271.15.16] [272.15.16])
\openout2 = `ch5.aux'.

 (./ch5.tex
Chapter 5.
[273.15.16




] [274.15.16] [275.15.16] [276.15.16] [277.15.16] [278.15.16]
[279.15.16]
Overfull \vbox (1.0pt too high) has occurred while \output is active []

 [280.15.16
Non-PDF special ignored!
<special> psfile=../ps/calc1/pic200a.ps
] [281.15.16
Non-PDF special ignored!
<special> psfile=../ps/calc1/pic200b.ps
] [282.15.16] [283.15.16] [284.15.16] [285.15.16] [286.15.16] [287.15.16]
[288.15.16] [289.15.16] [290.15.16] [291.15.16]
Overfull \hbox (2.55705pt too wide) in paragraph at lines 936--938
[]\OT1/cmr/m/n/12 The Col-orado River---which ex-ca-vated the Grand Canyon, amo
ng others---
 []

[292.15.16
Non-PDF special ignored!
<special> psfile=../ps/calc1/lake.ps
] [293.15.16] [294.15.16] [295.15.16] [296.15.16] [297.15.16] [298.15.16]
Overfull \hbox (1.33621pt too wide) in paragraph at lines 1275--1288
[]\OT1/cmr/m/n/12 Statisticians de-velop math-e-mat-i-cal sum-maries for data--
-in other words,
 []

[299.15.16] [300.15.16
Non-PDF special ignored!
<special> psfile=../ps/calc1/pic244a.ps
] [301.15.16
Non-PDF special ignored!
<special> psfile=../ps/calc1/pic244b.ps
Non-PDF special ignored!
<special> psfile=../ps/calc1/pic245.ps
] [302.15.16
Non-PDF special ignored!
<special> psfile=../ps/calc1/pic246.ps
] [303.15.16
Non-PDF special ignored!
<special> psfile=../ps/calc1/pic247a.ps
Non-PDF special ignored!
<special> psfile=../ps/calc1/pic247b.ps
] [304.15.16
Non-PDF special ignored!
<special> psfile=../ps/calc1/pic248a.ps
Non-PDF special ignored!
<special> psfile=../ps/calc1/pic248b.ps
] [305.15.16
Non-PDF special ignored!
<special> psfile=../ps/calc1/pic249.ps
] [306.15.16] [307.15.16
Non-PDF special ignored!
<special> psfile=../ps/calc1/pic252a.ps
Non-PDF special ignored!
<special> psfile=../ps/calc1/pic252c.ps
Non-PDF special ignored!
<special> psfile=../ps/calc1/pic252b.ps
Non-PDF special ignored!
<special> psfile=../ps/calc1/pic252d.ps
Non-PDF special ignored!
<special> psfile=../ps/calc1/pic253a.ps
Non-PDF special ignored!
<special> psfile=../ps/calc1/pic253c.ps
]

LaTeX Warning: Reference ``concave'' on page 308 undefined on input line 1613.

[308.15.16
Non-PDF special ignored!
<special> psfile=../ps/calc1/pic244a.ps
] [309.15.16] [310.15.16
Non-PDF special ignored!
<special> psfile=../ps/calc1/pic254a.ps
Non-PDF special ignored!
<special> psfile=../ps/calc1/pic254b.ps
Non-PDF special ignored!
<special> psfile=../ps/calc1/pic254c.ps
] [311.15.16] [312.15.16
Non-PDF special ignored!
<special> psfile=../ps/calc1/pic257a.ps
Non-PDF special ignored!
<special> psfile=../ps/calc1/pic257b.ps
] [313.15.16] [314.15.16
Non-PDF special ignored!
<special> psfile=../ps/calc1/pic259.ps
] [315.15.16] [316.15.16] [317.15.16] [318.15.16] [319.15.16
Non-PDF special ignored!
<special> psfile=../ps/calc1/pic280a.ps
Non-PDF special ignored!
<special> psfile=../ps/calc1/pic280b.ps
Non-PDF special ignored!
<special> psfile=../ps/calc1/pic281.ps
] [320.15.16] [321.15.16] [322.15.16] [323.15.16] [324.15.16
Non-PDF special ignored!
<special> psfile=../ps/calc1/pic285.ps
Non-PDF special ignored!
<special> psfile=../ps/calc1/pic286.ps
] [325.15.16
Non-PDF special ignored!
<special> psfile=../ps/calc1/pic287.ps
] [326.15.16] [327.15.16] [328.15.16] [329.15.16
Non-PDF special ignored!
<special> psfile=../ps/calc1/pic291.ps
] [330.15.16
Non-PDF special ignored!
<special> psfile=../ps/calc1/pic292.ps
] [331.15.16] [332.15.16] [333.15.16]) [334.15.16]
\openout2 = `ch6.aux'.

 (./ch6.tex
Chapter 6.
[335.15.16



]

LaTeX Warning: Reference `multiplier-begin' on page 336 undefined on input line
 90.


LaTeX Warning: Reference `multiplier-end' on page 336 undefined on input line 9
0.

[336.15.16] [337.15.16] [338.15.16] [339.15.16] [340.15.16
Non-PDF special ignored!
<special> psfile=../ps/calc1/power1.ps
] [341.15.16
Non-PDF special ignored!
<special> psfile=../ps/calc1/power2.ps
] [342.15.16] [343.15.16]

LaTeX Warning: Reference `staffgraph' on page 344 undefined on input line 600.

[344.15.16]

LaTeX Warning: Reference `graph2' on page 345 undefined on input line 629.

[345.15.16]

LaTeX Warning: Reference `pow1' on page 346 undefined on input line 654.


LaTeX Warning: Reference `pow2' on page 346 undefined on input line 654.

[346.15.16] [347.15.16] [348.15.16
Non-PDF special ignored!
<special> psfile=../ps/calc1/power3.ps
] [349.15.16] [350.15.16] [351.15.16] [352.15.16
Non-PDF special ignored!
<special> psfile=../ps/calc1/region1.ps
]
Underfull \hbox (badness 10000) in paragraph at lines 963--969

 []

[353.15.16
Non-PDF special ignored!
<special> psfile=../ps/calc1/region2a.ps
Non-PDF special ignored!
<special> psfile=../ps/calc1/region2.ps
Non-PDF special ignored!
<special> psfile=../ps/calc1/region3.ps
] [354.15.16
Non-PDF special ignored!
<special> psfile=../ps/calc1/semicir1.ps
]
Underfull \hbox (badness 10000) in paragraph at lines 1045--1052

 []


Overfull \hbox (67.73001pt too wide) in paragraph at lines 1077--1078
[][] 
 []


LaTeX Warning: Reference `Pythagorean theorem' on page 355 undefined on input l
ine 1082.


Overfull \hbox (67.73001pt too wide) in paragraph at lines 1130--1131
[][] 
 []

[355.15.16]

LaTeX Warning: Reference `length-begin' on page 356 undefined on input line 119
5.


LaTeX Warning: Reference `length-end' on page 356 undefined on input line 1195.


[356.15.16
Non-PDF special ignored!
<special> psfile=../ps/calc1/length3.ps
] [357.15.16] [358.15.16] [359.15.16]
Overfull \hbox (3.83325pt too wide) in paragraph at lines 1484--1486
\OT1/cmr/m/n/12 write out in full, we now in-tro-duce a method---called \OT1/cm
r/bx/n/12 sum-ma-tion notation\OT1/cmr/m/n/12 ---
 []

[360.15.16]

LaTeX Warning: Reference `ship' on page 361 undefined on input line 1531.

[361.15.16] [362.15.16] [363.15.16] [364.15.16]

LaTeX Warning: Reference `semicir' on page 365 undefined on input line 1619.


LaTeX Warning: Reference `length' on page 365 undefined on input line 1628.

[365.15.16] [366.15.16
Non-PDF special ignored!
<special> psfile=../ps/calc1/solid1.ps
] [367.15.16
Non-PDF special ignored!
<special> psfile=../ps/calc1/solid2.ps
] [368.15.16]

LaTeX Warning: Reference `successive lengths' on page 369 undefined on input li
ne 1843.

[369.15.16] [370.15.16]

LaTeX Warning: Reference `program RIEMANN' on page 371 undefined on input line 
1911.

[371.15.16] [372.15.16] [373.15.16]

LaTeX Warning: Reference `nonintegrable' on page 374 undefined on input line 21
50.


LaTeX Warning: Reference `continuous-begin' on page 374 undefined on input line
 2159.


LaTeX Warning: Reference `continuous-end' on page 374 undefined on input line 2
159.

[374.15.16]

LaTeX Warning: Reference `ship' on page 375 undefined on input line 2190.

[375.15.16] [376.15.16]

LaTeX Warning: Reference `def' on page 377 undefined on input line 2273.

[377.15.16] [378.15.16
Non-PDF special ignored!
<special> psfile=../ps/calc1/area2.ps
]

LaTeX Warning: Reference `length' on page 379 undefined on input line 2356.

[379.15.16
Non-PDF special ignored!
<special> psfile=../ps/calc1/area3.ps
Non-PDF special ignored!
<special> psfile=../ps/calc1/area5a.ps
]
Underfull \hbox (badness 10000) in paragraph at lines 2410--2415

 []

[380.15.16
Non-PDF special ignored!
<special> psfile=../ps/calc1/area11.ps
Non-PDF special ignored!
<special> psfile=../ps/calc1/area6.ps
] [381.15.16
Non-PDF special ignored!
<special> psfile=../ps/calc1/area7.ps
Non-PDF special ignored!
<special> psfile=../ps/calc1/area8.ps
] [382.15.16
Non-PDF special ignored!
<special> psfile=../ps/calc1/area9.ps
Non-PDF special ignored!
<special> psfile=../ps/calc1/area10.ps
]

LaTeX Warning: Reference `ref1' on page 383 undefined on input line 2597.


LaTeX Warning: Reference `ref2' on page 383 undefined on input line 2597.

[383.15.16] [384.15.16] [385.15.16
Non-PDF special ignored!
<special> psfile=../ps/calc1/error1.ps
] [386.15.16
Non-PDF special ignored!
<special> psfile=../ps/calc1/error2.ps
Non-PDF special ignored!
<special> psfile=../ps/calc1/error3.ps
] [387.15.16] [388.15.16
Non-PDF special ignored!
<special> psfile=../ps/calc1/error4.ps
Non-PDF special ignored!
<special> psfile=../ps/calc1/error6.ps
] [389.15.16
Non-PDF special ignored!
<special> psfile=../ps/calc1/exp1.ps
] [390.15.16]

LaTeX Warning: Reference `2ndint' on page 391 undefined on input line 2978.


LaTeX Warning: Reference `left sums' on page 391 undefined on input line 3008.

[391.15.16
Non-PDF special ignored!
<special> psfile=../ps/calc1/int1.ps
] [392.15.16] [393.15.16]

LaTeX Warning: Reference `ref1' on page 394 undefined on input line 3179.

[394.15.16] [395.15.16] [396.15.16
Non-PDF special ignored!
<special> psfile=../ps/calc1/average1.ps
] [397.15.16]

LaTeX Warning: Reference `signed' on page 398 undefined on input line 3328.

[398.15.16] [399.15.16
Non-PDF special ignored!
<special> psfile=../ps/calc1/power4.ps
Non-PDF special ignored!
<special> psfile=../ps/calc1/power5.ps
] [400.15.16] [401.15.16]

LaTeX Warning: Reference `program RIEMANN' on page 402 undefined on input line 
3520.


LaTeX Warning: Reference `accum delta y' on page 402 undefined on input line 35
25.

[402.15.16]

LaTeX Warning: Reference `program PLOT' on page 403 undefined on input line 364
7.

[403.15.16
Non-PDF special ignored!
<special> psfile=../ps/calc1/int2.ps
] [404.15.16
Non-PDF special ignored!
<special> psfile=../ps/calc1/int5.ps
]

LaTeX Warning: Reference `antideriv table' on page 405 undefined on input line 
3737.

[405.15.16] [406.15.16] [407.15.16
Non-PDF special ignored!
<special> psfile=../ps/calc1/int6.ps
]

LaTeX Warning: Reference `sine symmetry' on page 408 undefined on input line 38
45.

[408.15.16]

LaTeX Warning: Reference `DEs w/ params-begin' on page 409 undefined on input l
ine 3953.


LaTeX Warning: Reference `DEs w/ params-end' on page 409 undefined on input lin
e 3954.

[409.15.16]
Overfull \vbox (13.0pt too high) has occurred while \output is active []

 [410.15.16] [411.15.16]

LaTeX Warning: Reference `crit-begin' on page 412 undefined on input line 4087.



LaTeX Warning: Reference `crit-end' on page 412 undefined on input line 4087.

[412.15.16] [413.15.16] [414.15.16] [415.15.16] [416.15.16

])
\openout2 = `ch7.aux'.

 (./ch7.tex
Chapter 7.
[417.15.16



] [418.15.16
Non-PDF special ignored!
<special> psfile=../ps/calc2/lynx1.ps
] [419.15.16
Non-PDF special ignored!
<special> psfile=../ps/calc2/sunspot.ps
] [420.15.16
Non-PDF special ignored!
<special> psfile=../ps/calc2/period1.ps
] [421.15.16
Non-PDF special ignored!
<special> psfile=../ps/calc2/period2.ps
]
Underfull \hbox (badness 10000) in paragraph at lines 279--287

 []

[422.15.16
Non-PDF special ignored!
<special> psfile=../ps/calc2/circle.ps
] [423.15.16
Non-PDF special ignored!
<special> psfile=../ps/calc2/sincos.ps
Non-PDF special ignored!
<special> psfile=../ps/calc2/circle2.ps
Non-PDF special ignored!
<special> psfile=../ps/calc2/sin4t.ps
] [424.15.16
Non-PDF special ignored!
<special> psfile=../ps/calc2/cos10pit.ps
] [425.15.16
Non-PDF special ignored!
<special> psfile=../ps/calc2/ampli.ps
] [426.15.16] [427.15.16
Non-PDF special ignored!
<special> psfile=../ps/calc2/phase1.ps
]

LaTeX Warning: Reference `phase graph' on page 428 undefined on input line 595.


[428.15.16] [429.15.16]
Overfull \hbox (7.87796pt too wide) in paragraph at lines 709--712
\OT1/cmr/m/n/12 b) Estimate the deriva-tive of $[](\OML/cmm/m/it/12 ^^R\OT1/cmr
/m/n/12 )$ at $\OML/cmm/m/it/12 ^^R \OT1/cmr/m/n/12 = 60[]$ in a sim-i-lar way.
 Is $([](30[]))[] =
 []

[430.15.16
Non-PDF special ignored!
<special> psfile=../ps/calc2/phase2.ps
]
Overfull \hbox (37.08575pt too wide) in paragraph at lines 729--729
[]\OT1/cmr/bx/n/17.28 Differential Equa-tions with Pe-ri-odic [] 
 []


Underfull \hbox (badness 10000) in paragraph at lines 745--752

 []

[431.15.16
Non-PDF special ignored!
<special> psfile=../ps/calc2/spring8.ps
] [432.15.16
Non-PDF special ignored!
<special> psfile=../ps/calc2/spring1.ps
]

LaTeX Warning: Reference `DEs w/ params-begin' on page 433 undefined on input l
ine 857.


LaTeX Warning: Reference `DEs w/ params-end' on page 433 undefined on input lin
e 857.

[433.15.16] [434.15.16
Non-PDF special ignored!
<special> psfile=../ps/calc2/spring2.ps
Non-PDF special ignored!
<special> psfile=../ps/calc2/spring3.ps
] [435.15.16
Non-PDF special ignored!
<special> psfile=../ps/calc2/spring4.ps
]
Underfull \hbox (badness 10000) in paragraph at lines 988--999

 []

[436.15.16
Non-PDF special ignored!
<special> psfile=../ps/calc2/spring5.ps
Non-PDF special ignored!
<special> psfile=../ps/calc2/spring6.ps
]
Underfull \vbox (badness 1337) has occurred while \output is active []

 [437.15.16
Non-PDF special ignored!
<special> psfile=../ps/calc2/spring7.ps
] [438.15.16] [439.15.16
Non-PDF special ignored!
<special> psfile=../ps/calc2/pend1.ps
Non-PDF special ignored!
<special> psfile=../ps/calc2/pend2.ps
] [440.15.16
Non-PDF special ignored!
<special> psfile=../ps/calc2/pend3.ps
Non-PDF special ignored!
<special> psfile=../ps/calc2/pend4.ps
] [441.15.16
Non-PDF special ignored!
<special> psfile=../ps/calc2/pend5.ps
Non-PDF special ignored!
<special> psfile=../ps/calc2/pend6.ps
] [442.15.16]

LaTeX Warning: Reference `May model' on page 443 undefined on input line 1328.


LaTeX Warning: Reference `logistic-start' on page 443 undefined on input line 1
339.


LaTeX Warning: Reference `logistic-finish' on page 443 undefined on input line 
1339.

[443.15.16
Non-PDF special ignored!
<special> psfile=../ps/calc2/may1.ps
] [444.15.16
Non-PDF special ignored!
<special> psfile=../ps/calc2/may2.ps
] [445.15.16
Non-PDF special ignored!
<special> psfile = ../ps/calc2/pend7.ps
Non-PDF special ignored!
<special> psfile = ../ps/calc2/pend8.ps
] [446.15.16
Non-PDF special ignored!
<special> psfile = ../ps/calc2/pend9.ps
]
Overfull \vbox (7.0pt too high) has occurred while \output is active []

 [447.15.16
Non-PDF special ignored!
<special> psfile = ../ps/calc2/pend10.ps
] [448.15.16] [449.15.16]

LaTeX Warning: Reference `examples' on page 450 undefined on input line 1679.

[450.15.16] [451.15.16]

LaTeX Warning: Reference `firstint' on page 452 undefined on input line 1812.

[452.15.16] [453.15.16]

LaTeX Warning: Reference `pend' on page 454 undefined on input line 1899.


LaTeX Warning: Reference `May' on page 454 undefined on input line 1919.


LaTeX Warning: Reference `equilibrium' on page 454 undefined on input line 1926
.

[454.15.16]

LaTeX Warning: Reference `equilibrium' on page 455 undefined on input line 1946
.


LaTeX Warning: Reference `L-V' on page 455 undefined on input line 1970.

[455.15.16] [456.15.16] [457.15.16] [458.15.16])
\openout2 = `ch8.aux'.

 (./ch8.tex
Chapter 8.
[459.15.16




] [460.15.16] [461.15.16
Non-PDF special ignored!
<special> psfile=../ps/calc2/pred1.ps
Non-PDF special ignored!
<special> psfile=../ps/calc2/pred2.ps
]

LaTeX Warning: Reference `eqpt' on page 462 undefined on input line 123.


Underfull \hbox (badness 10000) in paragraph at lines 144--149

 []

[462.15.16
Non-PDF special ignored!
<special> psfile=../ps/calc2/predtime.ps
]

LaTeX Warning: Reference ``trajectory'' on page 463 undefined on input line 203
.

[463.15.16
Non-PDF special ignored!
<special> psfile=../ps/calc2/vecf1.ps
Non-PDF special ignored!
<special> psfile=../ps/calc2/vecf2.ps
] [464.15.16
Non-PDF special ignored!
<special> psfile=../ps/calc2/phasepor.ps
] [465.15.16] [466.15.16
Non-PDF special ignored!
<special> psfile=../ps/calc2/pred3.ps
] [467.15.16]

LaTeX Warning: Reference `basin' on page 468 undefined on input line 467.


LaTeX Warning: Reference `sec-repel' on page 468 undefined on input line 481.


LaTeX Warning: Reference `sec-eqs' on page 468 undefined on input line 485.


Underfull \vbox (badness 1616) has occurred while \output is active []

 [468.15.16
Non-PDF special ignored!
<special> psfile=../ps/calc2/eqpoints.ps
] [469.15.16
Non-PDF special ignored!
<special> psfile=../ps/calc2/pend1a.ps
Non-PDF special ignored!
<special> psfile=../ps/calc2/pendvf.ps
] [470.15.16
Non-PDF special ignored!
<special> psfile=../ps/calc2/pendpha.ps
] [471.15.16] [472.15.16
Non-PDF special ignored!
<special> psfile=../ps/calc2/pendpha2.ps
] [473.15.16
Non-PDF special ignored!
<special> psfile=../ps/calc2/andmay1.ps
]

LaTeX Warning: Reference ``andmay'' on page 474 undefined on input line 732.

[474.15.16
Non-PDF special ignored!
<special> psfile=../ps/calc2/andmay3.ps
] [475.15.16]

LaTeX Warning: Reference ``equilibrium'' on page 476 undefined on input line 80
9.

[476.15.16]
Overfull \vbox (2.0pt too high) has occurred while \output is active []

 [477.15.16] [478.15.16] [479.15.16] [480.15.16]
Overfull \hbox (4.33885pt too wide) in paragraph at lines 1066--1068
\OT1/cmr/m/n/12 d) \OT1/cmr/bx/n/12 Getting a first in-te-gral for the sys-tem 
\OT1/cmr/m/n/12 Show that the Lotka--Volterra
 []


Underfull \vbox (badness 1320) has occurred while \output is active []

 [481.15.16]

LaTeX Warning: Reference ``amprob'' on page 482 undefined on input line 1114.

[482.15.16] [483.15.16]

LaTeX Warning: Reference ``basins'' on page 484 undefined on input line 1187.


LaTeX Warning: Reference ``boundary'' on page 484 undefined on input line 1208.


[484.15.16
Non-PDF special ignored!
<special> psfile=../ps/calc2/locbeha1.ps
] [485.15.16
Non-PDF special ignored!
<special> psfile=../ps/calc2/locbeha2.ps
] [486.15.16]

LaTeX Warning: Reference `fixedline' on page 487 undefined on input line 1326.

[487.15.16
Non-PDF special ignored!
<special> psfile=../ps/calc2/locbeha3.ps
]

LaTeX Warning: Reference `taxonomy' on page 488 undefined on input line 1372.


LaTeX Warning: Reference ``amprob'' on page 488 undefined on input line 1390.

[488.15.16]

LaTeX Warning: Reference ``amprob'' on page 489 undefined on input line 1442.


Overfull \hbox (3.60716pt too wide) in paragraph at lines 1441--1444
[]\OT1/cmr/m/n/12 Finally, us-ing the val-ues given for the dif-fer-ent pa-ram-
e-ters back on page [],
 []

[489.15.16]

LaTeX Warning: Reference `paramvals' on page 490 undefined on input line 1493.


LaTeX Warning: Reference `AMay2' on page 490 undefined on input line 1496.

[490.15.16] [491.15.16
Non-PDF special ignored!
<special> psfile=../ps/calc2/classeq1.ps
]
Underfull \vbox (badness 2790) has occurred while \output is active []

 [492.15.16
Non-PDF special ignored!
<special> psfile=../ps/calc2/classeq2.ps
Non-PDF special ignored!
<special> psfile=../ps/calc2/classeq3.ps
Non-PDF special ignored!
<special> psfile=../ps/calc2/classeq4.ps
]

LaTeX Warning: Reference ``saddle'' on page 493 undefined on input line 1634.

[493.15.16
Non-PDF special ignored!
<special> psfile=../ps/calc2/classeq5.ps
] [494.15.16] [495.15.16]

LaTeX Warning: Reference ``boundary'' on page 496 undefined on input line 1778.



LaTeX Warning: Reference ``basins'' on page 496 undefined on input line 1783.

[496.15.16] [497.15.16]
Overfull \vbox (7.0pt too high) has occurred while \output is active []

 [498.15.16] [499.15.16
Non-PDF special ignored!
<special> psfile=../ps/calc2/limcyc.ps
] [500.15.16] [501.15.16
Non-PDF special ignored!
<special> psfile=../ps/calc2/ctr.ps
] [502.15.16
Non-PDF special ignored!
<special> psfile=../ps/calc2/cycle.ps
Non-PDF special ignored!
<special> psfile=../ps/calc2/torus.ps
] [503.15.16
Non-PDF special ignored!
<special> psfile=../ps/calc2/lor.ps
]
Underfull \vbox (badness 1189) has occurred while \output is active []

 [504.15.16] [505.15.16] [506.15.16] [507.15.16] [508.15.16])
\openout2 = `ch9.aux'.

 (./ch9.tex
Chapter 9.

Underfull \hbox (badness 10000) in paragraph at lines 38--44

 []

[509.15.16





Non-PDF special ignored!
<special> psfile=../ps/911/WEATHER1.PS
]
Underfull \hbox (badness 10000) in paragraph at lines 94--101

 []

[510.15.16
Non-PDF special ignored!
<special> psfile=../ps/911/WEATHER2.PS
] [511.15.16
Non-PDF special ignored!
<special> psfile=../ps/911/WEATHER3.PS
Non-PDF special ignored!
<special> psfile=../ps/911/WEATHER5.PS
]

LaTeX Warning: Reference `timegraph' on page 512 undefined on input line 130.


LaTeX Warning: Reference `depthgraph' on page 512 undefined on input line 134.


Underfull \hbox (badness 1442) in paragraph at lines 149--154
\OT1/cmr/m/n/12 de-pends on the time of year and
 []


Underfull \hbox (badness 10000) in paragraph at lines 149--154

 []

[512.15.16
Non-PDF special ignored!
<special> psfile=../ps/911/WEATHER6.PS
Non-PDF special ignored!
<special> psfile=../ps/911/MINMAX1.PS
]
Underfull \hbox (badness 10000) in paragraph at lines 221--228

 []

[513.15.16
Non-PDF special ignored!
<special> psfile=../ps/911/MIN2.PS
Non-PDF special ignored!
<special> psfile=../ps/911/MAX2.PS
Non-PDF special ignored!
<special> psfile=../ps/911/SADDLE1.PS
]
Underfull \hbox (badness 10000) in paragraph at lines 240--244

 []


Underfull \hbox (badness 10000) in paragraph at lines 254--259

 []


Underfull \hbox (badness 10000) in paragraph at lines 297--301

 []

[514.15.16
Non-PDF special ignored!
<special> psfile=../ps/911/SADDLE2.PS
Non-PDF special ignored!
<special> psfile=../ps/911/SADDLE3.PS
Non-PDF special ignored!
<special> psfile=../ps/911/SADDLE4.PS
] [515.15.16
Non-PDF special ignored!
<special> psfile=../ps/911/CUBIC1.PS
Non-PDF special ignored!
<special> psfile=../ps/911/CUBIC2.PS
Non-PDF special ignored!
<special> psfile=../ps/911/CUBIC3.PS
Non-PDF special ignored!
<special> psfile=../ps/911/CUBIC4.PS
Non-PDF special ignored!
<special> psfile=../ps/911/CUBIC5.PS
] [516.15.16
Non-PDF special ignored!
<special> psfile=../ps/911/PENDEN1.PS
Non-PDF special ignored!
<special> psfile=../ps/911/PENDEN2.PS
]

LaTeX Warning: Reference `cubic' on page 517 undefined on input line 385.


Underfull \hbox (badness 1436) in paragraph at lines 390--394
[]  \OT1/cmr/m/n/12 No-tice that the flat $\OML/cmm/m/it/12 x; y$\OT1/cmr/m/n/1
2 -plane is shaded
 []


Underfull \hbox (badness 10000) in paragraph at lines 390--394

 []


Underfull \hbox (badness 10000) in paragraph at lines 406--415

 []


LaTeX Warning: Reference `saddle' on page 517 undefined on input line 433.


Underfull \vbox (badness 1360) has occurred while \output is active []

 [517.15.16
Non-PDF special ignored!
<special> psfile=../ps/912/DENSITY2.PS
Non-PDF special ignored!
<special> psfile=../ps/912/DENSITY1.PS
Non-PDF special ignored!
<special> psfile=../ps/912/DENSITY3.PS
] [518.15.16
Non-PDF special ignored!
<special> psfile=../ps/912/DENSITY4.PS
Non-PDF special ignored!
<special> psfile=../ps/912/density5.ps
]

LaTeX Warning: Reference `density' on page 519 undefined on input line 519.


LaTeX Warning: Reference `saddle' on page 519 undefined on input line 520.

[519.15.16
Non-PDF special ignored!
<special> psfile=../ps/913/CONTOUR1.PS
Non-PDF special ignored!
<special> psfile=../ps/913/CONTOUR2.PS
Non-PDF special ignored!
<special> psfile=../ps/913/CONTOUR3.PS
Non-PDF special ignored!
<special> psfile=../ps/913/CONTOUR4.PS
] [520.15.16
Non-PDF special ignored!
<special> psfile=../ps/913/CONSURF1.PS
Non-PDF special ignored!
<special> psfile=../ps/913/CONSURF2.PS
Non-PDF special ignored!
<special> psfile=../ps/913/contour5.ps
]

LaTeX Warning: Reference `pend-begin' on page 521 undefined on input line 578.


LaTeX Warning: Reference `pend-end' on page 521 undefined on input line 578.

[521.15.16
Non-PDF special ignored!
<special> psfile=../ps/913/contour6.ps
Non-PDF special ignored!
<special> psfile=../ps/914/SUMGRAPH.PS
] [522.15.16
Non-PDF special ignored!
<special> psfile=../ps/914/SUMDENSE.PS
Non-PDF special ignored!
<special> psfile=../ps/914/SUMCON2.PS
Non-PDF special ignored!
<special> psfile=../ps/914/sumcon4.ps
]
Underfull \hbox (badness 10000) in paragraph at lines 723--735

 []

[523.15.16
Non-PDF special ignored!
<special> psfile=../ps/915/XYZ1.PS
] [524.15.16
Non-PDF special ignored!
<special> psfile=../ps/915/SHELLS1.PS
]

LaTeX Warning: Reference `saddle' on page 525 undefined on input line 790.

[525.15.16
Non-PDF special ignored!
<special> psfile=../ps/915/SHELLS2.PS
Non-PDF special ignored!
<special> psfile=../ps/915/SHELLS3.PS
] [526.15.16] [527.15.16] [528.15.16]

LaTeX Warning: Reference `spring energy' on page 529 undefined on input line 98
3.

[529.15.16]

LaTeX Warning: Reference `ln first int' on page 530 undefined on input line 100
1.


LaTeX Warning: Reference `L-V first int' on page 530 undefined on input line 10
17.

[530.15.16] [531.15.16] [532.15.16
Non-PDF special ignored!
<special> psfile=../ps/921/micro1.ps
Non-PDF special ignored!
<special> psfile=../ps/921/micro2.ps
Non-PDF special ignored!
<special> psfile=../ps/921/micro3.ps
] [533.15.16
Non-PDF special ignored!
<special> psfile=../ps/921/micro4.ps
] [534.15.16] [535.15.16] [536.15.16
Non-PDF special ignored!
<special> psfile=../ps/922/linear1.ps
Non-PDF special ignored!
<special> psfile=../ps/922/linear2.ps
]
Underfull \hbox (badness 10000) in paragraph at lines 1377--1382

 []


Underfull \hbox (badness 10000) in paragraph at lines 1394--1403

 []

[537.15.16
Non-PDF special ignored!
<special> psfile=../ps/922/linear3.ps
Non-PDF special ignored!
<special> psfile=../ps/922/linear4.ps
Non-PDF special ignored!
<special> psfile=../ps/922/linear5.ps
] [538.15.16
Non-PDF special ignored!
<special> psfile=../ps/922/linear6.ps
Non-PDF special ignored!
<special> psfile=../ps/922/linear7.ps
Non-PDF special ignored!
<special> psfile=../ps/922/linear8.ps
] [539.15.16
Non-PDF special ignored!
<special> psfile=../ps/922/linear9.ps
Non-PDF special ignored!
<special> psfile=../ps/922/linear10.ps
Non-PDF special ignored!
<special> psfile=../ps/922/linear11.ps
]

LaTeX Warning: Reference `altdef' on page 540 undefined on input line 1581.


LaTeX Warning: Reference `contourslope' on page 540 undefined on input line 163
5.

[540.15.16
Non-PDF special ignored!
<special> psfile=../ps/922/linear12.ps
]
Underfull \hbox (badness 10000) in paragraph at lines 1695--1705

 []

[541.15.16
Non-PDF special ignored!
<special> psfile=../ps/922/linear13.ps
Non-PDF special ignored!
<special> psfile=../ps/922/linear14.ps
Non-PDF special ignored!
<special> psfile=../ps/922/linear15.ps
]

LaTeX Warning: Reference `cusp-begin' on page 542 undefined on input line 1770.



LaTeX Warning: Reference `cusp-end' on page 542 undefined on input line 1770.

[542.15.16
Non-PDF special ignored!
<special> psfile=../ps/922/linear16.ps
Non-PDF special ignored!
<special> psfile=../ps/922/linear18.ps
Non-PDF special ignored!
<special> psfile=../ps/922/linear17.ps
] [543.15.16]

LaTeX Warning: Reference `altdef' on page 544 undefined on input line 1855.

[544.15.16
Non-PDF special ignored!
<special> psfile=../ps/921/micro5.ps
Non-PDF special ignored!
<special> psfile=../ps/921/micro6.ps
] [545.15.16
Non-PDF special ignored!
<special> psfile=../ps/922/micro7.ps
] [546.15.16
Non-PDF special ignored!
<special> psfile=../ps/923/micro9.ps
Non-PDF special ignored!
<special> psfile=../ps/923/micro10.ps
Non-PDF special ignored!
<special> psfile=../ps/923/micro11.ps
Non-PDF special ignored!
<special> psfile=../ps/923/micro12.ps
] [547.15.16
Non-PDF special ignored!
<special> psfile=../ps/923/micro9.ps
Non-PDF special ignored!
<special> psfile=../ps/923/micro13.ps
] [548.15.16
Non-PDF special ignored!
<special> psfile=../ps/924/grad1.ps
Non-PDF special ignored!
<special> psfile=../ps/924/grad2.ps
]

LaTeX Warning: Reference `grad' on page 549 undefined on input line 2140.


LaTeX Warning: Reference `gradtheorem' on page 549 undefined on input line 2150
.

[549.15.16
Non-PDF special ignored!
<special> psfile=../ps/924/grad3.ps
]
Underfull \hbox (badness 10000) in paragraph at lines 2208--2218

 []

[550.15.16
Non-PDF special ignored!
<special> psfile=../ps/925/shells4.ps
Non-PDF special ignored!
<special> psfile=../ps/924/grad4.ps
]

LaTeX Warning: Reference `plots1' on page 551 undefined on input line 2261.

[551.15.16
Non-PDF special ignored!
<special> psfile=../ps/925/contour1.ps
]
Overfull \hbox (41.69322pt too wide) detected at line 2323
[]
 []

[552.15.16] [553.15.16
Non-PDF special ignored!
<special> psfile=../ps/925/linear1.ps
Non-PDF special ignored!
<special> psfile=../ps/925/linear2.ps
] [554.15.16
Non-PDF special ignored!
<special> psfile=../ps/925/graph1.ps
Non-PDF special ignored!
<special> psfile=../ps/925/graph2.ps
]

LaTeX Warning: Reference `trade off' on page 555 undefined on input line 2456.

[555.15.16]
Overfull \hbox (7.25394pt too wide) in paragraph at lines 2496--2499
\OT1/cmr/m/n/12 b) Suppose the par-tial slopes be-come $+1\OML/cmm/m/it/12 :\OT
1/cmr/m/n/12 5$ and $+2\OML/cmm/m/it/12 :\OT1/cmr/m/n/12 4$ in the $\OML/cmm/m/
it/12 x$\OT1/cmr/m/n/12 - and $\OML/cmm/m/it/12 y$\OT1/cmr/m/n/12 -directions,
 []

[556.15.16]
Overfull \hbox (17.16109pt too wide) in paragraph at lines 2552--2555
\OT1/cmr/m/n/12 Estimate the fol-low-ing val-ues: $\OML/cmm/m/it/12 f\OT1/cmr/m
/n/12 (90\OML/cmm/m/it/12 ; \OT1/cmr/m/n/12 453)$, $\OML/cmm/m/it/12 f\OT1/cmr/
m/n/12 (87\OML/cmm/m/it/12 ; \OT1/cmr/m/n/12 450)$, $\OML/cmm/m/it/12 f\OT1/cmr
/m/n/12 (90\OML/cmm/m/it/12 ; \OT1/cmr/m/n/12 450)$, and $\OML/cmm/m/it/12 f\OT
1/cmr/m/n/12 (100\OML/cmm/m/it/12 ; \OT1/cmr/m/n/12 500)$.
 []

[557.15.16] [558.15.16
Non-PDF special ignored!
<special> psfile=../ps/925/cone.ps
] [559.15.16
Non-PDF special ignored!
<special> psfile=../ps/925/bowl.ps
]

LaTeX Warning: Reference `L-V bounded growth-begin' on page 560 undefined on in
put line 2728.


LaTeX Warning: Reference `L-V bounded growth-end' on page 560 undefined on inpu
t line 2728.


Overfull \hbox (1.43066pt too wide) in paragraph at lines 2736--2739
\OT1/cmr/m/n/12 60. Con-firm that the sys-tem has an equi-lib-rium point at $(\
OML/cmm/m/it/12 R; F\OT1/cmr/m/n/12 ) = (1000\OML/cmm/m/it/12 ; \OT1/cmr/m/n/12
 18)$.
 []

[560.15.16]

LaTeX Warning: Reference `quartic' on page 561 undefined on input line 2774.

[561.15.16
Non-PDF special ignored!
<special> psfile=../ps/925/gradient.ps
Non-PDF special ignored!
<special> psfile=../ps/925/contour2.ps
] [562.15.16
Non-PDF special ignored!
<special> psfile=../ps/931/OPT1.PS
]
Underfull \hbox (badness 10000) in paragraph at lines 2885--2897

 []


Underfull \vbox (badness 1270) has occurred while \output is active []

 [563.15.16
Non-PDF special ignored!
<special> psfile=../ps/931/OPT2.PS
Non-PDF special ignored!
<special> psfile=../ps/931/OPT3.PS
Non-PDF special ignored!
<special> psfile=../ps/931/OPT4.PS
] [564.15.16
Non-PDF special ignored!
<special> psfile=../ps/931/OPT5.PS
Non-PDF special ignored!
<special> psfile=../ps/931/OPT6.PS
Non-PDF special ignored!
<special> psfile=../ps/931/OPT7.PS
]

LaTeX Warning: Reference `optimum1' on page 565 undefined on input line 3026.


Underfull \hbox (badness 10000) in paragraph at lines 3020--3029

 []


Underfull \vbox (badness 10000) has occurred while \output is active []

 [565.15.16
Non-PDF special ignored!
<special> psfile=../ps/931/OPT8.PS
Non-PDF special ignored!
<special> psfile=../ps/931/OPT9.PS
Non-PDF special ignored!
<special> psfile=../ps/931/OPT10.PS
Non-PDF special ignored!
<special> psfile=../ps/931/OPT11.PS
Non-PDF special ignored!
<special> psfile=../ps/931/OPT12.PS
Non-PDF special ignored!
<special> psfile=../ps/931/OPT13.PS
Non-PDF special ignored!
<special> psfile=../ps/931/OPT14.PS
]

LaTeX Warning: Reference `density1' on page 566 undefined on input line 3060.


LaTeX Warning: Reference `density1' on page 566 undefined on input line 3068.


Underfull \hbox (badness 10000) in paragraph at lines 3066--3070

 []


Underfull \hbox (badness 10000) in paragraph at lines 3111--3120

 []

[566.15.16
Non-PDF special ignored!
<special> psfile=../ps/931/OPT15.PS
Non-PDF special ignored!
<special> psfile=../ps/931/OPT16.PS
Non-PDF special ignored!
<special> psfile=../ps/931/OPT17.PS
Non-PDF special ignored!
<special> psfile=../ps/932/opt18.ps
Non-PDF special ignored!
<special> psfile=../ps/932/opt19.ps
Non-PDF special ignored!
<special> psfile=../ps/932/opt20.ps
]

LaTeX Warning: Reference `standard min max-begin' on page 567 undefined on inpu
t line 3135.


LaTeX Warning: Reference `standard min max-end' on page 567 undefined on input 
line 3135.

[567.15.16
Non-PDF special ignored!
<special> psfile=../ps/932/opt21.ps
Non-PDF special ignored!
<special> psfile=../ps/932/opt22.ps
Non-PDF special ignored!
<special> psfile=../ps/932/constr1.ps
Non-PDF special ignored!
<special> psfile=../ps/932/constr2.ps
]
Overfull \hbox (1.00983pt too wide) in paragraph at lines 3164--3167
[]\OT1/cmr/m/n/12 There is a stan-dard form for any con-straint that re-duces a
 two-dimensional
 []

[568.15.16
Non-PDF special ignored!
<special> psfile=../ps/932/constr3.ps
] [569.15.16
Non-PDF special ignored!
<special> psfile=../ps/932/constr4.ps
Non-PDF special ignored!
<special> psfile=../ps/932/constr5.ps
] [570.15.16
Non-PDF special ignored!
<special> psfile=../ps/933/wrap1.ps
Non-PDF special ignored!
<special> psfile=../ps/933/wrap2.ps
Non-PDF special ignored!
<special> psfile=../ps/933/wrap3.ps
Non-PDF special ignored!
<special> psfile=../ps/933/wrap5.ps
Non-PDF special ignored!
<special> psfile=../ps/933/wrap6.ps
Non-PDF special ignored!
<special> psfile=../ps/933/wrap7.ps
] [571.15.16
Non-PDF special ignored!
<special> psfile=../ps/933/wrap9.ps
Non-PDF special ignored!
<special> psfile=../ps/933/wrap10.ps
Non-PDF special ignored!
<special> psfile=../ps/933/wrap11.ps
Non-PDF special ignored!
<special> psfile=../ps/933/sample.ps
]

LaTeX Warning: Reference `gradtheorem2' on page 572 undefined on input line 336
1.

[572.15.16] [573.15.16
Non-PDF special ignored!
<special> psfile=../ps/934/contour1.ps
]

LaTeX Warning: Reference `max' on page 574 undefined on input line 3549.

[574.15.16
Non-PDF special ignored!
<special> psfile=../ps/933/locus1.ps
Non-PDF special ignored!
<special> psfile=../ps/934/contour2.ps
]
Underfull \hbox (badness 1365) in paragraph at lines 3570--3577
\OT1/cmr/m/n/12 Even though we can't solve the equa-tions al-ge-
 []

[575.15.16
Non-PDF special ignored!
<special> psfile=../ps/934/contour3.ps
Non-PDF special ignored!
<special> psfile=../ps/934/contour4.ps
Non-PDF special ignored!
<special> psfile=../ps/934/contour5.ps
Non-PDF special ignored!
<special> psfile=../ps/934/contour6.ps
Non-PDF special ignored!
<special> psfile=../ps/934/contour7.ps
]

LaTeX Warning: Reference `gradtheorem2' on page 576 undefined on input line 361
0.

[576.15.16
Non-PDF special ignored!
<special> psfile=../ps/934/ascent1.ps
] [577.15.16
Non-PDF special ignored!
<special> psfile=../ps/934/distrib1.ps
] [578.15.16
Non-PDF special ignored!
<special> psfile=../ps/934/descent1.ps
Non-PDF special ignored!
<special> psfile=../ps/934/distrib2.ps
]

LaTeX Warning: Reference `constraint' on page 579 undefined on input line 3802.


[579.15.16
Non-PDF special ignored!
<special> psfile=../ps/934/lagr1.ps
] [580.15.16] [581.15.16] [582.15.16]

LaTeX Warning: Reference `distribstart' on page 583 undefined on input line 405
1.


LaTeX Warning: Reference `distribend' on page 583 undefined on input line 4051.


[583.15.16] [584.15.16] [585.15.16
Non-PDF special ignored!
<special> psfile=../ps/934/data1.ps
Non-PDF special ignored!
<special> psfile=../ps/934/data2.ps
] [586.15.16] [587.15.16] [588.15.16] [589.15.16] [590.15.16])
\openout2 = `ch10.aux'.

 (./ch10.tex
Chapter 10.
[591.15.16




] [592.15.16] [593.15.16
Non-PDF special ignored!
<special> psfile=../ps/calc2/sin1.ps
Non-PDF special ignored!
<special> psfile=../ps/calc2/sin2.ps
] [594.15.16] [595.15.16]
Overfull \hbox (7.11838pt too wide) detected at line 278
\OML/cmm/m/it/12 P\OT1/cmr/m/n/12 (0) = \OML/cmm/m/it/12 f\OT1/cmr/m/n/12 (0)\O
ML/cmm/m/it/12 ;  P[]\OT1/cmr/m/n/12 (0) = \OML/cmm/m/it/12 f[]\OT1/cmr/m/n/12 
(0)\OML/cmm/m/it/12 ;  P[]\OT1/cmr/m/n/12 (0) = \OML/cmm/m/it/12 f[]\OT1/cmr/m/
n/12 (0)\OML/cmm/m/it/12 ; [] ; P[]\OT1/cmr/m/n/12 (0) = \OML/cmm/m/it/12 f[]\O
T1/cmr/m/n/12 (0)\OML/cmm/m/it/12 :
 []


Overfull \vbox (7.0pt too high) has occurred while \output is active []

 [596.15.16] [597.15.16] [598.15.16
Non-PDF special ignored!
<special> psfile=../ps/calc2/sin3.ps
] [599.15.16] [600.15.16] [601.15.16] [602.15.16] [603.15.16
Non-PDF special ignored!
<special> psfile=../ps/calc2/j101.ps
]

LaTeX Font Warning: Command \small invalid in math mode on input line 726.

[604.15.16
Non-PDF special ignored!
<special> psfile=../ps/calc2/j102.ps
Non-PDF special ignored!
<special> psfile=../ps/calc2/j103.ps
] [605.15.16] [606.15.16]

LaTeX Warning: Reference `sin3' on page 607 undefined on input line 937.


LaTeX Warning: Reference `order' on page 607 undefined on input line 975.

[607.15.16] [608.15.16] [609.15.16
Non-PDF special ignored!
<special> psfile=../ps/calc2/j104.ps
Non-PDF special ignored!
<special> psfile=../ps/calc2/j105.ps
] [610.15.16] [611.15.16] [612.15.16] [613.15.16] [614.15.16] [615.15.16]
[616.15.16]

LaTeX Warning: Reference `startsine' on page 617 undefined on input line 1472.


LaTeX Warning: Reference `endsine' on page 617 undefined on input line 1472.

[617.15.16] [618.15.16] [619.15.16] [620.15.16] [621.15.16] [622.15.16
Non-PDF special ignored!
<special> psfile=../ps/calc2/Darct.ps
] [623.15.16] [624.15.16] [625.15.16] [626.15.16] [627.15.16] [628.15.16]
[629.15.16] [630.15.16] [631.15.16]
Overfull \vbox (10.0pt too high) has occurred while \output is active []

 [632.15.16] [633.15.16] [634.15.16
Non-PDF special ignored!
<special> psfile=../ps/calc2/Bessel.ps
]
Overfull \hbox (15.57082pt too wide) detected at line 2370
[]
 []

[635.15.16] [636.15.16]
Overfull \hbox (11.80864pt too wide) in paragraph at lines 2468--2477
[]  []
 []


Underfull \hbox (badness 10000) in paragraph at lines 2468--2477

 []


Overfull \hbox (0.1745pt too wide) detected at line 2483
\OT1/cmr/m/n/10.95 45400 \OMS/cmsy/m/n/10.95 ^^@ \OT1/cmr/m/n/10.95 953\OML/cmm
/m/it/10.95 :\OT1/cmr/m/n/10.95 4\OML/cmm/m/it/10.95 t \OMS/cmsy/m/n/10.95 ^^@ 
\OT1/cmr/m/n/10.95 172\OML/cmm/m/it/10.95 :\OT1/cmr/m/n/10.95 3611\OML/cmm/m/it
/10.95 t[] \OMS/cmsy/m/n/10.95 ^^@ \OT1/cmr/m/n/10.95 17\OML/cmm/m/it/10.95 :\O
T1/cmr/m/n/10.95 982061\OML/cmm/m/it/10.95 t[] \OMS/cmsy/m/n/10.95 ^^@ \OML/cmm
/m/it/10.95 :\OT1/cmr/m/n/10.95 86969127\OML/cmm/m/it/10.95 t[] \OT1/cmr/m/n/10
.95 + []  [] \OMS/cmsy/m/n/10.95 ^^@ \OT1/cmr/m/n/10.95 2\OML/cmm/m/it/10.95 :\
OT1/cmr/m/n/10.95 15010 \OMS/cmsy/m/n/10.95 ^^B \OT1/cmr/m/n/10.95 10[]\OML/cmm
/m/it/10.95 t[] \OT1/cmr/m/n/10.95 + [] 
 []


Overfull \hbox (3.82454pt too wide) detected at line 2488
\OT1/cmr/m/n/10.95 2100 + 803\OML/cmm/m/it/10.95 :\OT1/cmr/m/n/10.95 4\OML/cmm/
m/it/10.95 t \OT1/cmr/m/n/10.95 + 143\OML/cmm/m/it/10.95 :\OT1/cmr/m/n/10.95 66
824\OML/cmm/m/it/10.95 t[] \OT1/cmr/m/n/10.95 + 14\OML/cmm/m/it/10.95 :\OT1/cmr
/m/n/10.95 561389\OML/cmm/m/it/10.95 t[] \OT1/cmr/m/n/10.95 + \OML/cmm/m/it/10.
95 :\OT1/cmr/m/n/10.95 60966648\OML/cmm/m/it/10.95 t[] \OT1/cmr/m/n/10.95 + [] 
+ 2\OML/cmm/m/it/10.95 :\OT1/cmr/m/n/10.95 021195 \OMS/cmsy/m/n/10.95 ^^B \OT1/
cmr/m/n/10.95 10[]\OML/cmm/m/it/10.95 t[] \OT1/cmr/m/n/10.95 + [] 
 []

[637.15.16] [638.15.16
Non-PDF special ignored!
<special> psfile=../ps/calc2/sircalc.ps
] [639.15.16
Non-PDF special ignored!
<special> psfile=../ps/calc2/sircalc2.ps
] [640.15.16]
Overfull \hbox (5.92778pt too wide) in paragraph at lines 2704--2713
\OT1/cmr/m/n/12 b) Quantization of an-gu-lar mo-men-tum has an im-por-tant con-
se-quence. Specif-
 []

[641.15.16] [642.15.16]
Overfull \hbox (0.25755pt too wide) in paragraph at lines 2828--2829
 [] 
 []


Overfull \vbox (6.0pt too high) has occurred while \output is active []

 [643.15.16] [644.15.16] [645.15.16] [646.15.16] [647.15.16] [648.15.16] [649.1
5.16]
[650.15.16
Non-PDF special ignored!
<special> psfile=../ps/calc2/altseries.ps
] [651.15.16] [652.15.16] [653.15.16] [654.15.16] [655.15.16] [656.15.16]
[657.15.16] [658.15.16]
Overfull \hbox (5.98837pt too wide) in paragraph at lines 3745--3755
[] 
 []

[659.15.16] [660.15.16]
Underfull \hbox (badness 10000) in paragraph at lines 3820--3821

 []

[661.15.16]
Underfull \hbox (badness 10000) in paragraph at lines 3895--3902

 []

[662.15.16
Non-PDF special ignored!
<special> psfile=../ps/calc2/cards.ps
] [663.15.16
Non-PDF special ignored!
<special> psfile=../ps/calc2/harmonic.ps
] [664.15.16] [665.15.16] [666.15.16] [667.15.16]
Overfull \hbox (2.50703pt too wide) in paragraph at lines 4187--4193
[]\OT1/cmr/m/n/12 We know how to find points where func-tions take on their ex-
treme values---
 []

[668.15.16] [669.15.16]
Overfull \hbox (0.25755pt too wide) in paragraph at lines 4295--4296
 [] 
 []

[670.15.16] [671.15.16
Non-PDF special ignored!
<special> psfile=../ps/calc2/leastsq1.ps
] [672.15.16
Non-PDF special ignored!
<special> psfile=../ps/calc2/leastsq2.ps
] [673.15.16] [674.15.16
Non-PDF special ignored!
<special> psfile=../ps/calc2/sireuler.ps
] [675.15.16] [676.15.16] [677.15.16] [678.15.16])
\openout2 = `ch11.aux'.

 (./ch11.tex
Chapter 11.

Overfull \hbox (8.64308pt too wide) in paragraph at lines 34--37
[]\OT1/cmr/m/n/12 We will con-clude the chap-ter by de-vel-op-ing a nu-mer-i-ca
l method---Simpson's
 []

[679.15.16




] [680.15.16]

LaTeX Warning: Reference `log' on page 681 undefined on input line 152.


LaTeX Warning: Reference `lnder' on page 681 undefined on input line 168.


LaTeX Warning: Reference `tander' on page 681 undefined on input line 170.

[681.15.16] [682.15.16
Non-PDF special ignored!
<special> psfile=../ps/calc2/ch11-1.ps
] [683.15.16]

LaTeX Warning: Reference `arcsin deriv' on page 684 undefined on input line 316
.

[684.15.16
Non-PDF special ignored!
<special> psfile=../ps/calc2/ch11-2a.ps
Non-PDF special ignored!
<special> psfile=../ps/calc2/ch11-2b.ps
] [685.15.16
Non-PDF special ignored!
<special> psfile=../ps/calc2/ch11-3a.ps
Non-PDF special ignored!
<special> psfile=../ps/calc2/ch11-3b.ps
]

LaTeX Warning: Reference `arcsin deriv' on page 686 undefined on input line 387
.

[686.15.16] [687.15.16]

LaTeX Warning: Reference `fund th-antider' on page 688 undefined on input line 
495.

[688.15.16] [689.15.16] [690.15.16] [691.15.16] [692.15.16]

LaTeX Warning: Reference `picture2' on page 693 undefined on input line 780.


LaTeX Warning: Reference `picture' on page 693 undefined on input line 812.

[693.15.16]

LaTeX Warning: Reference `table' on page 694 undefined on input line 825.

[694.15.16] [695.15.16]

LaTeX Warning: Reference `tangent' on page 696 undefined on input line 984.

[696.15.16]

LaTeX Warning: Reference `table' on page 697 undefined on input line 1018.

[697.15.16] [698.15.16]

LaTeX Warning: Reference `average-begin' on page 699 undefined on input line 11
18.


LaTeX Warning: Reference `average-end' on page 699 undefined on input line 1118
.

[699.15.16]
Overfull \hbox (21.6985pt too wide) in paragraph at lines 1154--1160
\OT1/cmr/m/n/12 In the pre-ced-ing sec-tion we con-verted a cou-ple of gen-eral
 rules for differentiation---
 []

[700.15.16] [701.15.16] [702.15.16] [703.15.16]

LaTeX Warning: Reference `subrule' on page 704 undefined on input line 1399.


Overfull \hbox (27.704pt too wide) in paragraph at lines 1396--1401
\OT1/cmr/m/n/12 Until now we have been us-ing the tech-nique of sub-sti-tu-tion
 to find antiderivatives---
 []

[704.15.16] [705.15.16]

LaTeX Warning: Reference `defint' on page 706 undefined on input line 1519.

[706.15.16] [707.15.16] [708.15.16] [709.15.16] [710.15.16] [711.15.16]
[712.15.16] [713.15.16] [714.15.16] [715.15.16]

LaTeX Warning: Reference ``trig'' on page 716 undefined on input line 2036.

[716.15.16] [717.15.16] [718.15.16]

LaTeX Warning: Reference `table' on page 719 undefined on input line 2222.


LaTeX Warning: Reference `differentials' on page 719 undefined on input line 22
60.

[719.15.16] [720.15.16] [721.15.16]

LaTeX Warning: Reference `supergrowth soln' on page 722 undefined on input line
 2408.

[722.15.16]

LaTeX Warning: Reference `table' on page 723 undefined on input line 2455.

[723.15.16] [724.15.16] [725.15.16] [726.15.16] [727.15.16]

LaTeX Warning: Reference `leaking tank-begin' on page 728 undefined on input li
ne 2759.

[728.15.16]

LaTeX Warning: Reference `fall w/air-begin' on page 729 undefined on input line
 2786.


LaTeX Warning: Reference `fall w/air-end' on page 729 undefined on input line 2
786.


LaTeX Warning: Reference `ex:falling body1' on page 729 undefined on input line
 2798.

[729.15.16]

LaTeX Warning: Reference `supergrowth errors-begin' on page 730 undefined on in
put line 2839.


LaTeX Warning: Reference `supergrowth errors-end' on page 730 undefined on inpu
t line 2839.

[730.15.16]

LaTeX Warning: Reference `ferment-begin' on page 731 undefined on input line 29
37.


LaTeX Warning: Reference `ferment-end' on page 731 undefined on input line 2937
.

[731.15.16] [732.15.16] [733.15.16]
Overfull \hbox (17.55258pt too wide) in paragraph at lines 3106--3106
[]|  []
 []


Underfull \hbox (badness 10000) in paragraph at lines 3106--3106

 []

[734.15.16] [735.15.16]

LaTeX Warning: Reference `defint' on page 736 undefined on input line 3205.

[736.15.16] [737.15.16] [738.15.16] [739.15.16] [740.15.16] [741.15.16]
[742.15.16] [743.15.16]

LaTeX Warning: Reference `trick' on page 744 undefined on input line 3647.

[744.15.16] [745.15.16] [746.15.16] [747.15.16]

LaTeX Warning: Reference `ex17' on page 748 undefined on input line 3887.


LaTeX Warning: Reference `cosred' on page 748 undefined on input line 3894.

[748.15.16]
Overfull \hbox (0.25467pt too wide) in paragraph at lines 3928--3931
\OT1/cmr/m/n/12 get a re-duc-tion for-mula which ex-presses $[] [][] \OML/cmm/m
/it/12 x dx$ \OT1/cmr/m/n/12 in terms of $[] [][] \OML/cmm/m/it/12 x dx$\OT1/cm
r/m/n/12 . 
 []


LaTeX Warning: Reference `cosred' on page 749 undefined on input line 3934.

[749.15.16] [750.15.16] [751.15.16
Non-PDF special ignored!
<special> psfile=../ps/calc2/trap1.ps
Non-PDF special ignored!
<special> psfile=../ps/calc2/trap2.ps
] [752.15.16] [753.15.16
Non-PDF special ignored!
<special> psfile=../ps/calc2/trap3.ps
]

LaTeX Warning: Reference `trap' on page 754 undefined on input line 4204.

[754.15.16] [755.15.16]

LaTeX Warning: Reference `int error' on page 756 undefined on input line 4349.

[756.15.16]

LaTeX Warning: Reference `midpoint for x-cube' on page 757 undefined on input l
ine 4361.


Overfull \hbox (2.60918pt too wide) in paragraph at lines 4430--4432
[][] \OT1/cmr/m/n/12 In this
 []

[757.15.16] [758.15.16] [759.15.16] [760.15.16]

LaTeX Warning: Reference `1plusx2' on page 761 undefined on input line 4659.

[761.15.16]

LaTeX Warning: Reference ``normal'' on page 762 undefined on input line 4669.

[762.15.16] [763.15.16] [764.15.16] [765.15.16]) [766.15.16]
\openout2 = `ch12.aux'.

 (./ch12.tex
Chapter 12.
[767.15.16



] [768.15.16] [769.15.16
Non-PDF special ignored!
<special> psfile=../ps/calc2/ch121-1.ps
] [770.15.16
Non-PDF special ignored!
<special> psfile=../ps/calc2/ch121-2.ps
] [771.15.16] [772.15.16] [773.15.16] [774.15.16]

LaTeX Warning: Reference `table2' on page 775 undefined on input line 440.


Overfull \hbox (1.1824pt too wide) in paragraph at lines 448--450
[]\OT1/cmr/m/n/12 Let $\OML/cmm/m/it/12 N$ \OT1/cmr/m/n/12 be some in-te-ger $\
OML/cmm/m/it/12 > \OT1/cmr/m/n/12 1$, and con-sider the se-quence $\OML/cmm/m/i
t/12 a[]$\OT1/cmr/m/n/12 , $\OML/cmm/m/it/12 a[]$\OT1/cmr/m/n/12 , $\OML/cmm/m/
it/12 a[]$\OT1/cmr/m/n/12 , ...defined
 []

[775.15.16] [776.15.16] [777.15.16] [778.15.16] [779.15.16] [780.15.16]
Underfull \vbox (badness 10000) has occurred while \output is active []

 [781.15.16] [782.15.16]

LaTeX Warning: Reference `data' on page 783 undefined on input line 790.

[783.15.16] [784.15.16] [785.15.16] [786.15.16] [787.15.16] [788.15.16]

LaTeX Warning: Reference `data' on page 789 undefined on input line 1087.


LaTeX Warning: Reference `data' on page 789 undefined on input line 1100.

[789.15.16] [790.15.16]

LaTeX Warning: Reference `linear' on page 791 undefined on input line 1243.


LaTeX Warning: Reference `rule4' on page 791 undefined on input line 1274.


LaTeX Warning: Reference `rule3' on page 791 undefined on input line 1276.

[791.15.16]

LaTeX Warning: Reference `rule1' on page 792 undefined on input line 1324.

[792.15.16] [793.15.16] [794.15.16] [795.15.16] [796.15.16
Non-PDF special ignored!
<special> psfile=../ps/calc2/lynx2.ps
]
Underfull \hbox (badness 10000) in paragraph at lines 1529--1535

 []

[797.15.16
Non-PDF special ignored!
<special> psfile=../ps/calc2/noise2.ps
Non-PDF special ignored!
<special> psfile=../ps/calc2/noise3.ps
]
Underfull \hbox (badness 10000) in paragraph at lines 1571--1577

 []

[798.15.16
Non-PDF special ignored!
<special> psfile=../ps/calc2/noise4.ps
]

LaTeX Warning: Reference `faint noise' on page 799 undefined on input line 1648
.

[799.15.16
Non-PDF special ignored!
<special> psfile=../ps/calc2/sintest1.ps
]
Underfull \vbox (badness 10000) has occurred while \output is active []

 [800.15.16
Non-PDF special ignored!
<special> psfile=../ps/calc2/sintest2.ps
Non-PDF special ignored!
<special> psfile=../ps/calc2/sintest3.ps
] [801.15.16] [802.15.16
Non-PDF special ignored!
<special> psfile=../ps/calc2/detect1.ps
Non-PDF special ignored!
<special> psfile=../ps/calc2/detect2.ps
]
Overfull \hbox (14.74675pt too wide) in paragraph at lines 1814--1814
[]          \OT1/cmtt/m/n/10 deltaS = (fnf(t) * SIN(twopi * omega * t) * deltat
) / (b - a)[] 
 []

[803.15.16]
Underfull \vbox (badness 10000) has occurred while \output is active []

 [804.15.16
Non-PDF special ignored!
<special> psfile=../ps/calc2/detect3.ps
Non-PDF special ignored!
<special> psfile=../ps/calc2/period3.ps
Non-PDF special ignored!
<special> psfile=../ps/calc2/detect4.ps
] [805.15.16
Non-PDF special ignored!
<special> psfile=../ps/calc2/sintest6.ps
Non-PDF special ignored!
<special> psfile=../ps/calc2/sintest5.ps
]
Underfull \hbox (badness 10000) in paragraph at lines 2004--2012

 []

[806.15.16] [807.15.16
Non-PDF special ignored!
<special> psfile=../ps/calc2/detect5.ps
] [808.15.16]

LaTeX Warning: Reference `detectors' on page 809 undefined on input line 2169.

[809.15.16
Non-PDF special ignored!
<special> psfile=../ps/calc2/detect6.ps
]
Overfull \hbox (35.74657pt too wide) in paragraph at lines 2218--2218
[]          \OT1/cmtt/m/n/10 deltaS = 2 * (fnf(t) * SIN(twopi * omega * t) * de
ltat) / (b - a)[] 
 []


Overfull \hbox (35.74657pt too wide) in paragraph at lines 2218--2218
[]          \OT1/cmtt/m/n/10 deltaC = 2 * (fnf(t) * COS(twopi * omega * t) * de
ltat) / (b - a)[] 
 []


Underfull \hbox (badness 10000) in paragraph at lines 2244--2248

 []

[810.15.16] [811.15.16
Non-PDF special ignored!
<special> psfile=../ps/calc2/period4.ps
Non-PDF special ignored!
<special> psfile=../ps/calc2/detect7.ps
] [812.15.16
Non-PDF special ignored!
<special> psfile=../ps/calc2/detect8.ps
] [813.15.16
Non-PDF special ignored!
<special> psfile=../ps/calc2/detect9.ps
Non-PDF special ignored!
<special> psfile=../ps/calc2/detect10.ps
] [814.15.16
Non-PDF special ignored!
<special> psfile=../ps/calc2/detect11.ps
]

LaTeX Warning: Reference `detectors' on page 815 undefined on input line 2411.

[815.15.16]

LaTeX Warning: Reference `testfunction' on page 816 undefined on input line 243
9.


LaTeX Warning: Reference `cos7t' on page 816 undefined on input line 2450.

[816.15.16] [817.15.16] [818.15.16] [819.15.16] [820.15.16] [821.15.16]
[822.15.16
Non-PDF special ignored!
<special> psfile=../ps/calc2/sawtoo1.ps
] [823.15.16]
Overfull \hbox (22.83574pt too wide) detected at line 2847
[]
 []

[824.15.16
Non-PDF special ignored!
<special> psfile=../ps/calc2/sawtoo2.ps
Non-PDF special ignored!
<special> psfile=../ps/calc2/sawtoo3.ps
]

LaTeX Warning: Reference `fourforms' on page 825 undefined on input line 2883.

[825.15.16] [826.15.16
Non-PDF special ignored!
<special> psfile=../ps/calc2/BMay.ps
]
Overfull \vbox (14.0pt too high) has occurred while \output is active []

 [827.15.16] [828.15.16] [829.15.16]

LaTeX Warning: Reference ``trig'' on page 830 undefined on input line 3148.


LaTeX Warning: Reference `triangle function' on page 830 undefined on input lin
e 3174.


Overfull \hbox (1.59471pt too wide) in paragraph at lines 3179--3181
\OT1/cmr/m/n/12 3. Find the Fourier se-ries for the fol-low-ing func-tions over
 the in-ter-val $[\OMS/cmsy/m/n/12 ^^@\OML/cmm/m/it/12 ^^Y; ^^Y\OT1/cmr/m/n/12 
]$: 
 []

[830.15.16]

LaTeX Warning: Reference `May Fourier' on page 831 undefined on input line 3195
.

[831.15.16] [832.15.16

]) (./cic.aux (./pref2008.aux) (./pref1994.aux)
(./ch1.aux) (./ch2.aux) (./ch3.aux) (./ch4.aux) (./ch5.aux) (./ch6.aux)
(./ch7.aux) (./ch8.aux) (./ch9.aux) (./ch10.aux) (./ch11.aux) (./ch12.aux))

LaTeX Warning: There were undefined references.


LaTeX Warning: Label(s) may have changed. Rerun to get cross-references right.

 ) 
Here is how much of TeX's memory you used:
 2828 strings out of 492649
 36339 string characters out of 6129622
 137025 words of memory out of 5000000
 6560 multiletter control sequences out of 15000+600000
 27051 words of font info for 99 fonts, out of 8000000 for 9000
 1143 hyphenation exceptions out of 8191
 41i,20n,27p,1085b,332s stack positions out of 5000i,500n,10000p,200000b,80000s
</usr/local/texlive/2018/texmf-dist/fonts/type1/public/amsfonts/cm/cmbsy10.pf
b></usr/local/texlive/2018/texmf-dist/fonts/type1/public/amsfonts/cmextra/cmbsy
8.pfb></usr/local/texlive/2018/texmf-dist/fonts/type1/public/amsfonts/cm/cmbx10
.pfb></usr/local/texlive/2018/texmf-dist/fonts/type1/public/amsfonts/cm/cmbx12.
pfb></usr/local/texlive/2018/texmf-dist/fonts/type1/public/amsfonts/cm/cmbx8.pf
b></usr/local/texlive/2018/texmf-dist/fonts/type1/public/amsfonts/cm/cmbxti10.p
fb></usr/local/texlive/2018/texmf-dist/fonts/type1/public/amsfonts/cm/cmcsc10.p
fb></usr/local/texlive/2018/texmf-dist/fonts/type1/public/amsfonts/cm/cmex10.pf
b></usr/local/texlive/2018/texmf-dist/fonts/type1/public/amsfonts/cm/cmmi10.pfb
></usr/local/texlive/2018/texmf-dist/fonts/type1/public/amsfonts/cm/cmmi12.pfb>
</usr/local/texlive/2018/texmf-dist/fonts/type1/public/amsfonts/cm/cmmi6.pfb></
usr/local/texlive/2018/texmf-dist/fonts/type1/public/amsfonts/cm/cmmi7.pfb></us
r/local/texlive/2018/texmf-dist/fonts/type1/public/amsfonts/cm/cmmi8.pfb></usr/
local/texlive/2018/texmf-dist/fonts/type1/public/amsfonts/cm/cmmib10.pfb></usr/
local/texlive/2018/texmf-dist/fonts/type1/public/amsfonts/cmextra/cmmib8.pfb></
usr/local/texlive/2018/texmf-dist/fonts/type1/public/amsfonts/cm/cmr10.pfb></us
r/local/texlive/2018/texmf-dist/fonts/type1/public/amsfonts/cm/cmr12.pfb></usr/
local/texlive/2018/texmf-dist/fonts/type1/public/amsfonts/cm/cmr17.pfb></usr/lo
cal/texlive/2018/texmf-dist/fonts/type1/public/amsfonts/cm/cmr5.pfb></usr/local
/texlive/2018/texmf-dist/fonts/type1/public/amsfonts/cm/cmr6.pfb></usr/local/te
xlive/2018/texmf-dist/fonts/type1/public/amsfonts/cm/cmr7.pfb></usr/local/texli
ve/2018/texmf-dist/fonts/type1/public/amsfonts/cm/cmr8.pfb></usr/local/texlive/
2018/texmf-dist/fonts/type1/public/amsfonts/cm/cmsl10.pfb></usr/local/texlive/2
018/texmf-dist/fonts/type1/public/amsfonts/cm/cmsl12.pfb></usr/local/texlive/20
18/texmf-dist/fonts/type1/public/amsfonts/cm/cmss10.pfb></usr/local/texlive/201
8/texmf-dist/fonts/type1/public/amsfonts/cm/cmss12.pfb></usr/local/texlive/2018
/texmf-dist/fonts/type1/public/amsfonts/cm/cmssi10.pfb></usr/local/texlive/2018
/texmf-dist/fonts/type1/public/amsfonts/cm/cmsy10.pfb></usr/local/texlive/2018/
texmf-dist/fonts/type1/public/amsfonts/cm/cmsy6.pfb></usr/local/texlive/2018/te
xmf-dist/fonts/type1/public/amsfonts/cm/cmsy7.pfb></usr/local/texlive/2018/texm
f-dist/fonts/type1/public/amsfonts/cm/cmsy8.pfb></usr/local/texlive/2018/texmf-
dist/fonts/type1/public/amsfonts/cm/cmti12.pfb></usr/local/texlive/2018/texmf-d
ist/fonts/type1/public/amsfonts/cm/cmti8.pfb></usr/local/texlive/2018/texmf-dis
t/fonts/type1/public/amsfonts/cm/cmtt10.pfb></usr/local/texlive/2018/texmf-dist
/fonts/type1/public/amsfonts/cm/cmtt12.pfb></usr/local/texlive/2018/texmf-dist/
fonts/type1/public/amsfonts/latxfont/lcircle1.pfb></usr/local/texlive/2018/texm
f-dist/fonts/type1/public/amsfonts/latxfont/line10.pfb></usr/local/texlive/2018
/texmf-dist/fonts/type1/public/amsfonts/latxfont/linew10.pfb></usr/local/texliv
e/2018/texmf-dist/fonts/type1/public/amsfonts/symbols/msam10.pfb>
Output written on cic.pdf (854 pages, 2487691 bytes).
PDF statistics:
 2913 PDF objects out of 2984 (max. 8388607)
 1998 compressed objects within 20 object streams
 0 named destinations out of 1000 (max. 500000)
 1 words of extra memory for PDF output out of 10000 (max. 10000000)

