This is pdfTeX, Version 3.141592653-2.6-1.40.26 (TeX Live 2024) (preloaded format=pdflatex 2024.12.21)  19 APR 2026 08:25
entering extended mode
 restricted \write18 enabled.
 file:line:error style messages enabled.
 %&-line parsing enabled.
**cic_mod.tex
(./cic_mod.tex
LaTeX2e <2023-11-01> patch level 1
L3 programming layer <2024-02-20>
(/usr/local/texlive/2024/texmf-dist/tex/latex/base/book.cls
Document Class: book 2023/05/17 v1.4n Standard LaTeX document class
(/usr/local/texlive/2024/texmf-dist/tex/latex/base/bk12.clo
File: bk12.clo 2023/05/17 v1.4n Standard LaTeX file (size option)
)
\c@part=\count188
\c@chapter=\count189
\c@section=\count190
\c@subsection=\count191
\c@subsubsection=\count192
\c@paragraph=\count193
\c@subparagraph=\count194
\c@figure=\count195
\c@table=\count196
\abovecaptionskip=\skip48
\belowcaptionskip=\skip49
\bibindent=\dimen140
)
(/usr/local/texlive/2024/texmf-dist/tex/latex/amsmath/amsmath.sty
Package: amsmath 2023/05/13 v2.17o AMS math features
\@mathmargin=\skip50

For additional information on amsmath, use the `?' option.
(/usr/local/texlive/2024/texmf-dist/tex/latex/amsmath/amstext.sty
Package: amstext 2021/08/26 v2.01 AMS text

(/usr/local/texlive/2024/texmf-dist/tex/latex/amsmath/amsgen.sty
File: amsgen.sty 1999/11/30 v2.0 generic functions
\@emptytoks=\toks17
\ex@=\dimen141
))
(/usr/local/texlive/2024/texmf-dist/tex/latex/amsmath/amsbsy.sty
Package: amsbsy 1999/11/29 v1.2d Bold Symbols
\pmbraise@=\dimen142
)
(/usr/local/texlive/2024/texmf-dist/tex/latex/amsmath/amsopn.sty
Package: amsopn 2022/04/08 v2.04 operator names
)
\inf@bad=\count197
LaTeX Info: Redefining \frac on input line 234.
\uproot@=\count198
\leftroot@=\count199
LaTeX Info: Redefining \overline on input line 399.
LaTeX Info: Redefining \colon on input line 410.
\classnum@=\count266
\DOTSCASE@=\count267
LaTeX Info: Redefining \ldots on input line 496.
LaTeX Info: Redefining \dots on input line 499.
LaTeX Info: Redefining \cdots on input line 620.
\Mathstrutbox@=\box51
\strutbox@=\box52
LaTeX Info: Redefining \big on input line 722.
LaTeX Info: Redefining \Big on input line 723.
LaTeX Info: Redefining \bigg on input line 724.
LaTeX Info: Redefining \Bigg on input line 725.
\big@size=\dimen143
LaTeX Font Info:    Redeclaring font encoding OML on input line 743.
LaTeX Font Info:    Redeclaring font encoding OMS on input line 744.
\macc@depth=\count268
LaTeX Info: Redefining \bmod on input line 905.
LaTeX Info: Redefining \pmod on input line 910.
LaTeX Info: Redefining \smash on input line 940.
LaTeX Info: Redefining \relbar on input line 970.
LaTeX Info: Redefining \Relbar on input line 971.
\c@MaxMatrixCols=\count269
\dotsspace@=\muskip16
\c@parentequation=\count270
\dspbrk@lvl=\count271
\tag@help=\toks18
\row@=\count272
\column@=\count273
\maxfields@=\count274
\andhelp@=\toks19
\eqnshift@=\dimen144
\alignsep@=\dimen145
\tagshift@=\dimen146
\tagwidth@=\dimen147
\totwidth@=\dimen148
\lineht@=\dimen149
\@envbody=\toks20
\multlinegap=\skip51
\multlinetaggap=\skip52
\mathdisplay@stack=\toks21
LaTeX Info: Redefining \[ on input line 2953.
LaTeX Info: Redefining \] on input line 2954.
)
(/usr/local/texlive/2024/texmf-dist/tex/latex/amsfonts/amssymb.sty
Package: amssymb 2013/01/14 v3.01 AMS font symbols

(/usr/local/texlive/2024/texmf-dist/tex/latex/amsfonts/amsfonts.sty
Package: amsfonts 2013/01/14 v3.01 Basic AMSFonts support
\symAMSa=\mathgroup4
\symAMSb=\mathgroup5
LaTeX Font Info:    Redeclaring math symbol \hbar on input line 98.
LaTeX Font Info:    Overwriting math alphabet `\mathfrak' in version `bold'
(Font)                  U/euf/m/n --> U/euf/b/n on input line 106.
))
(/usr/local/texlive/2024/texmf-dist/tex/latex/tools/array.sty
Package: array 2023/10/16 v2.5g Tabular extension package (FMi)
\col@sep=\dimen150
\ar@mcellbox=\box53
\extrarowheight=\dimen151
\NC@list=\toks22
\extratabsurround=\skip53
\backup@length=\skip54
\ar@cellbox=\box54
)
(/usr/local/texlive/2024/texmf-dist/tex/latex/amsmath/amscd.sty
Package: amscd 2017/04/14 v2.1 AMS Commutative Diagrams
\athelp@=\toks23
\minaw@=\dimen152
\bigaw@=\dimen153
\minCDarrowwidth=\dimen154
)
(/usr/local/texlive/2024/texmf-dist/tex/latex/base/makeidx.sty
Package: makeidx 2021/10/04 v1.0m Standard LaTeX package
)
(/usr/local/texlive/2024/texmf-dist/tex/latex/graphics/graphics.sty
Package: graphics 2022/03/10 v1.4e Standard LaTeX Graphics (DPC,SPQR)

(/usr/local/texlive/2024/texmf-dist/tex/latex/graphics/trig.sty
Package: trig 2021/08/11 v1.11 sin cos tan (DPC)
)
(/usr/local/texlive/2024/texmf-dist/tex/latex/graphics-cfg/graphics.cfg
File: graphics.cfg 2016/06/04 v1.11 sample graphics configuration
)
Package graphics Info: Driver file: pdftex.def on input line 107.

(/usr/local/texlive/2024/texmf-dist/tex/latex/graphics-def/pdftex.def
File: pdftex.def 2022/09/22 v1.2b Graphics/color driver for pdftex
))
(./copyright.tex
COPYRIGHT option, 20 January 2004
)
\c@exercisenumber=\count275
\c@exercisepart=\count276
\c@derivexercise=\count277
\c@firstintexercise=\count278
\c@softexercise=\count279
\c@spina=\count280
\c@spinb=\count281
 (/usr/local/texlive/2024/texmf-dist/tex/latex/l3backend/l3backend-pdftex.def
File: l3backend-pdftex.def 2024-02-20 L3 backend support: PDF output (pdfTeX)
\l__color_backend_stack_int=\count282
\l__pdf_internal_box=\box55
) (./cic_mod.aux (./board.aux) (./ch1.aux) (./ch2.aux) (./ch3.aux) (./ch4.aux)
(./ch5.aux) (./ch6.aux) (./ch7.aux) (./ch8.aux) (./ch9.aux) (./ch10.aux)
(./ch11.aux) (./ch12.aux))
\openout1 = `cic_mod.aux'.

LaTeX Font Info:    Checking defaults for OML/cmm/m/it on input line 55.
LaTeX Font Info:    ... okay on input line 55.
LaTeX Font Info:    Checking defaults for OMS/cmsy/m/n on input line 55.
LaTeX Font Info:    ... okay on input line 55.
LaTeX Font Info:    Checking defaults for OT1/cmr/m/n on input line 55.
LaTeX Font Info:    ... okay on input line 55.
LaTeX Font Info:    Checking defaults for T1/cmr/m/n on input line 55.
LaTeX Font Info:    ... okay on input line 55.
LaTeX Font Info:    Checking defaults for TS1/cmr/m/n on input line 55.
LaTeX Font Info:    ... okay on input line 55.
LaTeX Font Info:    Checking defaults for OMX/cmex/m/n on input line 55.
LaTeX Font Info:    ... okay on input line 55.
LaTeX Font Info:    Checking defaults for U/cmr/m/n on input line 55.
LaTeX Font Info:    ... okay on input line 55.

(/usr/local/texlive/2024/texmf-dist/tex/context/base/mkii/supp-pdf.mkii
[Loading MPS to PDF converter (version 2006.09.02).]
\scratchcounter=\count283
\scratchdimen=\dimen155
\scratchbox=\box56
\nofMPsegments=\count284
\nofMParguments=\count285
\everyMPshowfont=\toks24
\MPscratchCnt=\count286
\MPscratchDim=\dimen156
\MPnumerator=\count287
\makeMPintoPDFobject=\count288
\everyMPtoPDFconversion=\toks25
) (/usr/local/texlive/2024/texmf-dist/tex/latex/epstopdf-pkg/epstopdf-base.sty
Package: epstopdf-base 2020-01-24 v2.11 Base part for package epstopdf
Package epstopdf-base Info: Redefining graphics rule for `.eps' on input line 4
85.

(/usr/local/texlive/2024/texmf-dist/tex/latex/latexconfig/epstopdf-sys.cfg
File: epstopdf-sys.cfg 2010/07/13 v1.3 Configuration of (r)epstopdf for TeX Liv
e
))
<../ps/calc1/cusp3.pdf, id=1, 614.295pt x 794.97pt>
File: ../ps/calc1/cusp3.pdf Graphic file (type pdf)
<use ../ps/calc1/cusp3.pdf>
Package pdftex.def Info: ../ps/calc1/cusp3.pdf  used on input line 59.
(pdftex.def)             Requested size: 614.29349pt x 794.96806pt.

Overfull \hbox (244.52939pt too wide) in paragraph at lines 59--60
[][] [] 
 []


Underfull \vbox (badness 10000) has occurred while \output is active []

 [1.8.25


Non-PDF special ignored!
<special> !userdict begin /bop-hook {gsave 100 40 translate /Helvetica find...
]
Overfull \vbox (246.46806pt too high) has occurred while \output is active []


[2.8.25{/usr/local/texlive/2024/texmf-var/fonts/map/pdftex/updmap/pdftex.map} <
../ps/calc1/cusp3.pdf>]
\openout2 = `board.aux'.

 (./board.tex
LaTeX Font Info:    Trying to load font information for U+msa on input line 13.


(/usr/local/texlive/2024/texmf-dist/tex/latex/amsfonts/umsa.fd
File: umsa.fd 2013/01/14 v3.01 AMS symbols A
)
LaTeX Font Info:    Trying to load font information for U+msb on input line 13.


(/usr/local/texlive/2024/texmf-dist/tex/latex/amsfonts/umsb.fd
File: umsb.fd 2013/01/14 v3.01 AMS symbols B
)) [3.8.25

]
\openout2 = `ch1.aux'.


(./ch1.tex
Chapter 1.

Overfull \hbox (5.70561pt too wide) in paragraph at lines 39--49
[]\OT1/cmr/m/n/12 An epi-demic is a com-pli-cated mat-ter, but the dan-gers pos
ed by contagion---
 []

[1.8.25




]
Underfull \vbox (badness 2042) has occurred while \output is active []

 [2.8.25{/usr/local/texlive/2024/texmf-dist/fonts/enc/dvips/cm-super/cm-super-t
s1.enc}]
Underfull \vbox (badness 2012) has occurred while \output is active []

 [3.8.25]
[4.8.25] [5.8.25] [6.8.25] [7.8.25]
Overfull \hbox (30.50256pt too wide) in paragraph at lines 412--414
[][]
 []


Underfull \hbox (badness 10000) in paragraph at lines 412--414

 []

[8.8.25]
Overfull \hbox (30.50256pt too wide) in paragraph at lines 528--530
[][]
 []


Underfull \hbox (badness 10000) in paragraph at lines 528--530

 []

[9.8.25] [10.8.25] [11.8.25] [12.8.25] [13.8.25]
Overfull \vbox (2.0pt too high) has occurred while \output is active []

 [14.8.25]
[15.8.25] [16.8.25] [17.8.25] [18.8.25]
Overfull \vbox (4.0pt too high) has occurred while \output is active []

 [19.8.25]
[20.8.25] [21.8.25] [22.8.25] [23.8.25] [24.8.25] [25.8.25] [26.8.25] [27.8.25]
[28.8.25] [29.8.25] [30.8.25]
Overfull \hbox (76.04878pt too wide) in paragraph at lines 1904--1905
[][] 
 []

[31.8.25]
LaTeX Font Info:    Font shape `OT1/cmss/m/it' in size <10> not available
(Font)              Font shape `OT1/cmss/m/sl' tried instead on input line 1978
.

Overfull \vbox (7.0pt too high) has occurred while \output is active []

 [32.8.25]
Overfull \hbox (26.04924pt too wide) in paragraph at lines 2099--2100
[][] 
 []

[33.8.25]
Overfull \hbox (26.04924pt too wide) in paragraph at lines 2138--2139
[][] 
 []


Overfull \hbox (26.04924pt too wide) in paragraph at lines 2196--2197
[][] 
 []

[34.8.25] [35.8.25] [36.8.25] [37.8.25] [38.8.25] [39.8.25] [40.8.25] [41.8.25
Non-PDF special ignored!
<special> psfile=../ps/calc1/trig1.ps
Non-PDF special ignored!
<special> psfile=../ps/calc1/trig2.ps
] [42.8.25] [43.8.25] [44.8.25] [45.8.25] [46.8.25]
Overfull \hbox (10.59491pt too wide) in paragraph at lines 2950--2953
\OT1/cmr/m/n/12 a) Let $\OML/cmm/m/it/12 P$ \OT1/cmr/m/n/12 de-note the pop-u-l
a-tion of Poland and $\OML/cmm/m/it/12 A$ \OT1/cmr/m/n/12 the pop-u-la-tion of 
Afghanistan.
 []

[47.8.25] [48.8.25] [49.8.25] [50.8.25] [51.8.25] [52.8.25] [53.8.25] [54.8.25]
[55.8.25]
Overfull \hbox (6.10144pt too wide) in paragraph at lines 3549--3552
\OT1/cmr/m/n/12 21. On what day do you es-ti-mate the in-fected pop-u-la-tion g
rows most rapidly?
 []

[56.8.25] [57.8.25] [58.8.25] [59.8.25] [60.8.25])
\openout2 = `ch2.aux'.

 (./ch2.tex
Chapter 2.
[61.8.25





] [62.8.25] [63.8.25] [64.8.25]
Overfull \hbox (3.68808pt too wide) in paragraph at lines 287--287
[]\OT1/cmtt/m/n/10 deltat = (tfinal - tinitial)/numberofsteps[] 
 []


Overfull \hbox (35.83286pt too wide) in paragraph at lines 257--318
[]   []
 []


Underfull \vbox (badness 1521) has occurred while \output is active []

 [65.8.25]
[66.8.25] [67.8.25] [68.8.25
Non-PDF special ignored!
<special> psfile=../ps/calc1/picture3.ps
] [69.8.25] [70.8.25
Non-PDF special ignored!
<special> psfile=../ps/calc1/picture2.ps
] [71.8.25] [72.8.25] [73.8.25] [74.8.25] [75.8.25] [76.8.25]
Overfull \vbox (6.0pt too high) has occurred while \output is active []

 [77.8.25]
[78.8.25] [79.8.25] [80.8.25] [81.8.25
Non-PDF special ignored!
<special> psfile=../ps/calc1/picture4.ps
] [82.8.25
Non-PDF special ignored!
<special> psfile=../ps/calc1/picture5.ps
]
Overfull \hbox (30.20471pt too wide) in paragraph at lines 1368--1377
[]$[] []$ 
 []


Overfull \hbox (13.2671pt too wide) in paragraph at lines 1337--1379
[][] [] 
 []

[83.8.25] [84.8.25] [85.8.25] [86.8.25] [87.8.25] [88.8.25] [89.8.25]
Overfull \vbox (14.0pt too high) has occurred while \output is active []

 [90.8.25] [91.8.25]
Overfull \vbox (1.03331pt too high) has occurred while \output is active []


[92.8.25] [93.8.25] [94.8.25] [95.8.25] [96.8.25] [97.8.25] [98.8.25] [99.8.25]
) [100.8.25
Non-PDF special ignored!
<special> psfile =../ps/calc1/sir.ps
]
\openout2 = `ch3.aux'.

 (./ch3.tex
Chapter 3.
[101.8.25




] [102.8.25] [103.8.25] [104.8.25]
Overfull \vbox (4.0pt too high) has occurred while \output is active []

 [105.8.25] [106.8.25] [107.8.25
Non-PDF special ignored!
<special> psfile=../ps/calc1/profile.ps
]
Underfull \hbox (badness 2772) in paragraph at lines 402--407
\OT1/cmr/m/n/12 rates ge-o-met-ri-cally. We
 []


Underfull \hbox (badness 10000) in paragraph at lines 402--407

 []

[108.8.25
Non-PDF special ignored!
<special> psfile=../ps/calc1/sunrise1.ps
Non-PDF special ignored!
<special> psfile=../ps/calc1/sunrise2a.ps
] [109.8.25] [110.8.25
Non-PDF special ignored!
<special> psfile=../ps/calc1/mag1.ps
Non-PDF special ignored!
<special> psfile=../ps/calc1/mag2.ps
Non-PDF special ignored!
<special> psfile=../ps/calc1/mag3.ps
Non-PDF special ignored!
<special> psfile=../ps/calc1/mag4.ps
Non-PDF special ignored!
<special> psfile=../ps/calc1/mag5.ps
Non-PDF special ignored!
<special> psfile=../ps/calc1/mag6.ps
] [111.8.25]
Overfull \hbox (360.0pt too wide) detected at line 612
[]
 []

[112.8.25] [113.8.25
Non-PDF special ignored!
<special> psfile=../ps/calc1/cusp1.ps
Non-PDF special ignored!
<special> psfile=../ps/calc1/cusp2.ps
] [114.8.25
Non-PDF special ignored!
<special> psfile=../ps/calc1/cusp3.ps
] [115.8.25] [116.8.25] [117.8.25
Non-PDF special ignored!
<special> psfile=../ps/calc1/prob114.ps
] [118.8.25
Non-PDF special ignored!
<special> psfile=../ps/calc1/prob115.ps
] [119.8.25] (./a331.tex) [120.8.25] (./a332.tex) [121.8.25] [122.8.25]
[123.8.25] [124.8.25] (./a333.tex) [125.8.25] (./a334.tex) [126.8.25]
(./a335.tex) [127.8.25] [128.8.25] [129.8.25
Non-PDF special ignored!
<special> psfile=../ps/calc1/micro1.ps
] [130.8.25] [131.8.25] [132.8.25] [133.8.25] [134.8.25] [135.8.25] [136.8.25]
[137.8.25] [138.8.25] [139.8.25] [140.8.25] [141.8.25] [142.8.25] [143.8.25]
[144.8.25] [145.8.25
Non-PDF special ignored!
<special> psfile=../ps/calc1/iiprime.ps
] [146.8.25
Non-PDF special ignored!
<special> psfile=../ps/calc1/funny.ps
] [147.8.25
Non-PDF special ignored!
<special> psfile=../ps/calc1/funnyslope.ps
Non-PDF special ignored!
<special> psfile=../ps/calc1/funny3.ps
] [148.8.25] [149.8.25] [150.8.25] [151.8.25
Non-PDF special ignored!
<special> psfile=../ps/calc1/sinprob.ps
Non-PDF special ignored!
<special> psfile=../ps/calc1/shaded.ps
]
Underfull \vbox (badness 10000) has occurred while \output is active []

 [152.8.25
Non-PDF special ignored!
<special> psfile=../ps/calc1/qualsketch.ps
] [153.8.25] [154.8.25] [155.8.25] [156.8.25] [157.8.25] [158.8.25] [159.8.25]
[160.8.25] [161.8.25] [162.8.25] [163.8.25] [164.8.25] [165.8.25] [166.8.25]
[167.8.25] [168.8.25] [169.8.25] [170.8.25] [171.8.25] [172.8.25] [173.8.25]
[174.8.25] [175.8.25]
Overfull \hbox (0.90816pt too wide) in paragraph at lines 4084--4087
[]\OT1/cmr/m/n/12 The mi-cro-scope equa-tion de-scribes \OT1/cmr/bx/n/12 er-ror
 prop-a-ga-tion \OT1/cmr/m/n/12 when one quan-
 []

[176.8.25] [177.8.25] [178.8.25])
\openout2 = `ch4.aux'.

 (./ch4.tex
Chapter 4.
[179.8.25





] [180.8.25] [181.8.25] [182.8.25
Non-PDF special ignored!
<special> psfile=../ps/calc1/pic178.ps
] [183.8.25] [184.8.25
Non-PDF special ignored!
<special> psfile=../ps/calc1/pic180.ps
] [185.8.25
Non-PDF special ignored!
<special> psfile=../ps/calc1/pic181.ps
] [186.8.25] [187.8.25
Non-PDF special ignored!
<special> psfile=../ps/calc1/rf1.ps
] [188.8.25
Non-PDF special ignored!
<special> psfile=../ps/calc1/rf2.ps
] [189.8.25] [190.8.25] [191.8.25] [192.8.25] [193.8.25] [194.8.25
Non-PDF special ignored!
<special> psfile=../ps/calc1/hare1.ps
] [195.8.25] [196.8.25] [197.8.25] [198.8.25] [199.8.25] [200.8.25] [201.8.25]
[202.8.25] [203.8.25] [204.8.25] [205.8.25] [206.8.25] [207.8.25] [208.8.25]
Underfull \vbox (badness 3690) has occurred while \output is active []

 [209.8.25]
[210.8.25
Non-PDF special ignored!
<special> psfile=../ps/calc1/pic204a.ps
Non-PDF special ignored!
<special> psfile=../ps/calc1/pic204b.ps
] [211.8.25] [212.8.25] [213.8.25
Non-PDF special ignored!
<special> psfile=../ps/calc1/pic207.ps
]
Overfull \hbox (25.74568pt too wide) in paragraph at lines 1464--1471
[]\OT1/cmr/m/n/12 We should treat the ini-tial pop-u-la-tion and the growth con
-stant as parameters---
 []

[214.8.25] [215.8.25] [216.8.25] [217.8.25] [218.8.25] [219.8.25] [220.8.25]
[221.8.25] [222.8.25] [223.8.25]
Underfull \hbox (badness 5036) in paragraph at lines 1927--1932
\OT1/cmr/m/n/12 in the sus-pen-sion of a car) or am-plify and mea-sure them (as

 []


Underfull \hbox (badness 10000) in paragraph at lines 1927--1932

 []

[224.8.25
Non-PDF special ignored!
<special> psfile=../ps/calc1/spring9.ps
] [225.8.25] [226.8.25]
Underfull \hbox (badness 10000) in paragraph at lines 2107--2111

 []

[227.8.25] [228.8.25] [229.8.25] [230.8.25] [231.8.25] [232.8.25] [233.8.25]
[234.8.25] [235.8.25] [236.8.25]
Underfull \vbox (badness 4279) has occurred while \output is active []

 [237.8.25]
[238.8.25] [239.8.25] [240.8.25] [241.8.25] [242.8.25]
Underfull \vbox (badness 1142) has occurred while \output is active []

 [243.8.25]
[244.8.25] [245.8.25] [246.8.25] [247.8.25
Non-PDF special ignored!
<special> psfile=../ps/calc1/log1.ps
] [248.8.25] [249.8.25
Non-PDF special ignored!
<special> psfile=../ps/calc1/log2.ps
] [250.8.25
Non-PDF special ignored!
<special> psfile=../ps/calc1/log3.ps
Non-PDF special ignored!
<special> psfile=../ps/calc1/log4.ps
] [251.8.25] [252.8.25] [253.8.25] [254.8.25] [255.8.25] [256.8.25] [257.8.25]
[258.8.25] [259.8.25] [260.8.25] [261.8.25] [262.8.25] [263.8.25] [264.8.25]
Overfull \hbox (55.00894pt too wide) detected at line 4147
[]
 []


Overfull \vbox (6.0pt too high) has occurred while \output is active []

 [265.8.25] [266.8.25] [267.8.25
Non-PDF special ignored!
<special> psfile=../ps/calc1/pic260.ps
] [268.8.25] [269.8.25] [270.8.25] [271.8.25] [272.8.25])
\openout2 = `ch5.aux'.

 (./ch5.tex
Chapter 5.
[273.8.25





] [274.8.25] [275.8.25] [276.8.25] [277.8.25] [278.8.25] [279.8.25]
Overfull \vbox (1.0pt too high) has occurred while \output is active []

 [280.8.25
Non-PDF special ignored!
<special> psfile=../ps/calc1/pic200a.ps
] [281.8.25
Non-PDF special ignored!
<special> psfile=../ps/calc1/pic200b.ps
] [282.8.25] [283.8.25] [284.8.25] [285.8.25] [286.8.25] [287.8.25] [288.8.25]
[289.8.25] [290.8.25] [291.8.25]
Overfull \hbox (2.55705pt too wide) in paragraph at lines 936--938
[]\OT1/cmr/m/n/12 The Col-orado River---which ex-ca-vated the Grand Canyon, amo
ng others---
 []

[292.8.25
Non-PDF special ignored!
<special> psfile=../ps/calc1/lake.ps
] [293.8.25] [294.8.25] [295.8.25] [296.8.25] [297.8.25] [298.8.25]
Overfull \hbox (1.33621pt too wide) in paragraph at lines 1275--1288
[]\OT1/cmr/m/n/12 Statisticians de-velop math-e-mat-i-cal sum-maries for data--
-in other words,
 []

[299.8.25] [300.8.25
Non-PDF special ignored!
<special> psfile=../ps/calc1/pic244a.ps
] [301.8.25
Non-PDF special ignored!
<special> psfile=../ps/calc1/pic244b.ps
Non-PDF special ignored!
<special> psfile=../ps/calc1/pic245.ps
] [302.8.25
Non-PDF special ignored!
<special> psfile=../ps/calc1/pic246.ps
] [303.8.25
Non-PDF special ignored!
<special> psfile=../ps/calc1/pic247a.ps
Non-PDF special ignored!
<special> psfile=../ps/calc1/pic247b.ps
] [304.8.25
Non-PDF special ignored!
<special> psfile=../ps/calc1/pic248a.ps
Non-PDF special ignored!
<special> psfile=../ps/calc1/pic248b.ps
] [305.8.25
Non-PDF special ignored!
<special> psfile=../ps/calc1/pic249.ps
] [306.8.25] [307.8.25
Non-PDF special ignored!
<special> psfile=../ps/calc1/pic252a.ps
Non-PDF special ignored!
<special> psfile=../ps/calc1/pic252c.ps
Non-PDF special ignored!
<special> psfile=../ps/calc1/pic252b.ps
Non-PDF special ignored!
<special> psfile=../ps/calc1/pic252d.ps
Non-PDF special ignored!
<special> psfile=../ps/calc1/pic253a.ps
Non-PDF special ignored!
<special> psfile=../ps/calc1/pic253c.ps
] [308.8.25
Non-PDF special ignored!
<special> psfile=../ps/calc1/pic244a.ps
] [309.8.25] [310.8.25
Non-PDF special ignored!
<special> psfile=../ps/calc1/pic254a.ps
Non-PDF special ignored!
<special> psfile=../ps/calc1/pic254b.ps
Non-PDF special ignored!
<special> psfile=../ps/calc1/pic254c.ps
] [311.8.25] [312.8.25
Non-PDF special ignored!
<special> psfile=../ps/calc1/pic257a.ps
Non-PDF special ignored!
<special> psfile=../ps/calc1/pic257b.ps
] [313.8.25] [314.8.25
Non-PDF special ignored!
<special> psfile=../ps/calc1/pic259.ps
] [315.8.25] [316.8.25] [317.8.25] [318.8.25] [319.8.25
Non-PDF special ignored!
<special> psfile=../ps/calc1/pic280a.ps
Non-PDF special ignored!
<special> psfile=../ps/calc1/pic280b.ps
Non-PDF special ignored!
<special> psfile=../ps/calc1/pic281.ps
] [320.8.25] [321.8.25] [322.8.25] [323.8.25] [324.8.25
Non-PDF special ignored!
<special> psfile=../ps/calc1/pic285.ps
Non-PDF special ignored!
<special> psfile=../ps/calc1/pic286.ps
] [325.8.25
Non-PDF special ignored!
<special> psfile=../ps/calc1/pic287.ps
] [326.8.25] [327.8.25] [328.8.25] [329.8.25
Non-PDF special ignored!
<special> psfile=../ps/calc1/pic291.ps
] [330.8.25
Non-PDF special ignored!
<special> psfile=../ps/calc1/pic292.ps
] [331.8.25] [332.8.25] [333.8.25]) [334.8.25]
\openout2 = `ch6.aux'.

 (./ch6.tex
Chapter 6.
[335.8.25




] [336.8.25] [337.8.25] [338.8.25] [339.8.25] [340.8.25
Non-PDF special ignored!
<special> psfile=../ps/calc1/power1.ps
] [341.8.25
Non-PDF special ignored!
<special> psfile=../ps/calc1/power2.ps
] [342.8.25] [343.8.25] [344.8.25] [345.8.25] [346.8.25] [347.8.25] [348.8.25
Non-PDF special ignored!
<special> psfile=../ps/calc1/power3.ps
] [349.8.25] [350.8.25] [351.8.25] [352.8.25
Non-PDF special ignored!
<special> psfile=../ps/calc1/region1.ps
]
Underfull \hbox (badness 10000) in paragraph at lines 963--969

 []

[353.8.25
Non-PDF special ignored!
<special> psfile=../ps/calc1/region2a.ps
Non-PDF special ignored!
<special> psfile=../ps/calc1/region2.ps
Non-PDF special ignored!
<special> psfile=../ps/calc1/region3.ps
] [354.8.25
Non-PDF special ignored!
<special> psfile=../ps/calc1/semicir1.ps
]
Underfull \hbox (badness 10000) in paragraph at lines 1045--1052

 []


Overfull \hbox (67.73001pt too wide) in paragraph at lines 1077--1078
[][] 
 []


Overfull \hbox (67.73001pt too wide) in paragraph at lines 1130--1131
[][] 
 []

[355.8.25] [356.8.25
Non-PDF special ignored!
<special> psfile=../ps/calc1/length3.ps
] [357.8.25] [358.8.25] [359.8.25]
Overfull \hbox (3.83325pt too wide) in paragraph at lines 1484--1486
\OT1/cmr/m/n/12 write out in full, we now in-tro-duce a method---called \OT1/cm
r/bx/n/12 sum-ma-tion notation\OT1/cmr/m/n/12 ---
 []

[360.8.25] [361.8.25] [362.8.25] [363.8.25] [364.8.25] [365.8.25] [366.8.25
Non-PDF special ignored!
<special> psfile=../ps/calc1/solid1.ps
] [367.8.25
Non-PDF special ignored!
<special> psfile=../ps/calc1/solid2.ps
] [368.8.25] [369.8.25] [370.8.25] [371.8.25] [372.8.25] [373.8.25] [374.8.25]
[375.8.25] [376.8.25] [377.8.25] [378.8.25
Non-PDF special ignored!
<special> psfile=../ps/calc1/area2.ps
] [379.8.25
Non-PDF special ignored!
<special> psfile=../ps/calc1/area3.ps
Non-PDF special ignored!
<special> psfile=../ps/calc1/area5a.ps
]
Underfull \hbox (badness 10000) in paragraph at lines 2410--2415

 []

[380.8.25
Non-PDF special ignored!
<special> psfile=../ps/calc1/area11.ps
Non-PDF special ignored!
<special> psfile=../ps/calc1/area6.ps
] [381.8.25
Non-PDF special ignored!
<special> psfile=../ps/calc1/area7.ps
Non-PDF special ignored!
<special> psfile=../ps/calc1/area8.ps
] [382.8.25
Non-PDF special ignored!
<special> psfile=../ps/calc1/area9.ps
Non-PDF special ignored!
<special> psfile=../ps/calc1/area10.ps
] [383.8.25] [384.8.25] [385.8.25
Non-PDF special ignored!
<special> psfile=../ps/calc1/error1.ps
] [386.8.25
Non-PDF special ignored!
<special> psfile=../ps/calc1/error2.ps
Non-PDF special ignored!
<special> psfile=../ps/calc1/error3.ps
] [387.8.25] [388.8.25
Non-PDF special ignored!
<special> psfile=../ps/calc1/error4.ps
Non-PDF special ignored!
<special> psfile=../ps/calc1/error6.ps
] [389.8.25
Non-PDF special ignored!
<special> psfile=../ps/calc1/exp1.ps
] [390.8.25] [391.8.25
Non-PDF special ignored!
<special> psfile=../ps/calc1/int1.ps
] [392.8.25] [393.8.25] [394.8.25] [395.8.25] [396.8.25
Non-PDF special ignored!
<special> psfile=../ps/calc1/average1.ps
] [397.8.25] [398.8.25] [399.8.25
Non-PDF special ignored!
<special> psfile=../ps/calc1/power4.ps
Non-PDF special ignored!
<special> psfile=../ps/calc1/power5.ps
] [400.8.25] [401.8.25] [402.8.25] [403.8.25
Non-PDF special ignored!
<special> psfile=../ps/calc1/int2.ps
] [404.8.25
Non-PDF special ignored!
<special> psfile=../ps/calc1/int5.ps
] [405.8.25] [406.8.25] [407.8.25
Non-PDF special ignored!
<special> psfile=../ps/calc1/int6.ps
] [408.8.25] [409.8.25]
Overfull \vbox (13.0pt too high) has occurred while \output is active []

 [410.8.25] [411.8.25] [412.8.25] [413.8.25] [414.8.25] [415.8.25] [416.8.25

])
\openout2 = `ch7.aux'.

 (./ch7.tex
Chapter 7.
[417.8.25




] [418.8.25
Non-PDF special ignored!
<special> psfile=../ps/calc2/lynx1.ps
] [419.8.25
Non-PDF special ignored!
<special> psfile=../ps/calc2/sunspot.ps
] [420.8.25
Non-PDF special ignored!
<special> psfile=../ps/calc2/period1.ps
] [421.8.25
Non-PDF special ignored!
<special> psfile=../ps/calc2/period2.ps
]
Underfull \hbox (badness 10000) in paragraph at lines 279--287

 []

[422.8.25
Non-PDF special ignored!
<special> psfile=../ps/calc2/circle.ps
] [423.8.25
Non-PDF special ignored!
<special> psfile=../ps/calc2/sincos.ps
Non-PDF special ignored!
<special> psfile=../ps/calc2/circle2.ps
Non-PDF special ignored!
<special> psfile=../ps/calc2/sin4t.ps
] [424.8.25
Non-PDF special ignored!
<special> psfile=../ps/calc2/cos10pit.ps
] [425.8.25
Non-PDF special ignored!
<special> psfile=../ps/calc2/ampli.ps
] [426.8.25] [427.8.25
Non-PDF special ignored!
<special> psfile=../ps/calc2/phase1.ps
] [428.8.25] [429.8.25]
Overfull \hbox (7.87796pt too wide) in paragraph at lines 709--712
\OT1/cmr/m/n/12 b) Estimate the deriva-tive of $[](\OML/cmm/m/it/12 ^^R\OT1/cmr
/m/n/12 )$ at $\OML/cmm/m/it/12 ^^R \OT1/cmr/m/n/12 = 60[]$ in a sim-i-lar way.
 Is $([](30[]))[] =
 []

[430.8.25
Non-PDF special ignored!
<special> psfile=../ps/calc2/phase2.ps
]
Overfull \hbox (37.08575pt too wide) in paragraph at lines 729--729
[]\OT1/cmr/bx/n/17.28 Differential Equa-tions with Pe-ri-odic [] 
 []


Underfull \hbox (badness 10000) in paragraph at lines 745--752

 []

[431.8.25
Non-PDF special ignored!
<special> psfile=../ps/calc2/spring8.ps
] [432.8.25
Non-PDF special ignored!
<special> psfile=../ps/calc2/spring1.ps
] [433.8.25] [434.8.25
Non-PDF special ignored!
<special> psfile=../ps/calc2/spring2.ps
Non-PDF special ignored!
<special> psfile=../ps/calc2/spring3.ps
] [435.8.25
Non-PDF special ignored!
<special> psfile=../ps/calc2/spring4.ps
]
Underfull \hbox (badness 10000) in paragraph at lines 988--999

 []

[436.8.25
Non-PDF special ignored!
<special> psfile=../ps/calc2/spring5.ps
Non-PDF special ignored!
<special> psfile=../ps/calc2/spring6.ps
]
Underfull \vbox (badness 1337) has occurred while \output is active []

 [437.8.25
Non-PDF special ignored!
<special> psfile=../ps/calc2/spring7.ps
] [438.8.25] [439.8.25
Non-PDF special ignored!
<special> psfile=../ps/calc2/pend1.ps
Non-PDF special ignored!
<special> psfile=../ps/calc2/pend2.ps
] [440.8.25
Non-PDF special ignored!
<special> psfile=../ps/calc2/pend3.ps
Non-PDF special ignored!
<special> psfile=../ps/calc2/pend4.ps
] [441.8.25
Non-PDF special ignored!
<special> psfile=../ps/calc2/pend5.ps
Non-PDF special ignored!
<special> psfile=../ps/calc2/pend6.ps
] [442.8.25] [443.8.25
Non-PDF special ignored!
<special> psfile=../ps/calc2/may1.ps
] [444.8.25
Non-PDF special ignored!
<special> psfile=../ps/calc2/may2.ps
] [445.8.25
Non-PDF special ignored!
<special> psfile = ../ps/calc2/pend7.ps
Non-PDF special ignored!
<special> psfile = ../ps/calc2/pend8.ps
] [446.8.25
Non-PDF special ignored!
<special> psfile = ../ps/calc2/pend9.ps
]
Overfull \vbox (7.0pt too high) has occurred while \output is active []

 [447.8.25
Non-PDF special ignored!
<special> psfile = ../ps/calc2/pend10.ps
] [448.8.25] [449.8.25] [450.8.25] [451.8.25] [452.8.25] [453.8.25] [454.8.25]
[455.8.25] [456.8.25] [457.8.25] [458.8.25])
\openout2 = `ch8.aux'.

 (./ch8.tex
Chapter 8.
[459.8.25





] [460.8.25] [461.8.25
Non-PDF special ignored!
<special> psfile=../ps/calc2/pred1.ps
Non-PDF special ignored!
<special> psfile=../ps/calc2/pred2.ps
]
Underfull \hbox (badness 10000) in paragraph at lines 144--149

 []

[462.8.25
Non-PDF special ignored!
<special> psfile=../ps/calc2/predtime.ps
] [463.8.25
Non-PDF special ignored!
<special> psfile=../ps/calc2/vecf1.ps
Non-PDF special ignored!
<special> psfile=../ps/calc2/vecf2.ps
] [464.8.25
Non-PDF special ignored!
<special> psfile=../ps/calc2/phasepor.ps
] [465.8.25] [466.8.25
Non-PDF special ignored!
<special> psfile=../ps/calc2/pred3.ps
] [467.8.25]
Underfull \vbox (badness 1616) has occurred while \output is active []

 [468.8.25
Non-PDF special ignored!
<special> psfile=../ps/calc2/eqpoints.ps
] [469.8.25
Non-PDF special ignored!
<special> psfile=../ps/calc2/pend1a.ps
Non-PDF special ignored!
<special> psfile=../ps/calc2/pendvf.ps
] [470.8.25
Non-PDF special ignored!
<special> psfile=../ps/calc2/pendpha.ps
] [471.8.25] [472.8.25
Non-PDF special ignored!
<special> psfile=../ps/calc2/pendpha2.ps
] [473.8.25
Non-PDF special ignored!
<special> psfile=../ps/calc2/andmay1.ps
] [474.8.25
Non-PDF special ignored!
<special> psfile=../ps/calc2/andmay3.ps
] [475.8.25] [476.8.25]
Overfull \vbox (2.0pt too high) has occurred while \output is active []

 [477.8.25] [478.8.25] [479.8.25] [480.8.25]
Overfull \hbox (4.33885pt too wide) in paragraph at lines 1066--1068
\OT1/cmr/m/n/12 d) \OT1/cmr/bx/n/12 Getting a first in-te-gral for the sys-tem 
\OT1/cmr/m/n/12 Show that the Lotka--Volterra
 []


Underfull \vbox (badness 1320) has occurred while \output is active []

 [481.8.25]
[482.8.25] [483.8.25] [484.8.25
Non-PDF special ignored!
<special> psfile=../ps/calc2/locbeha1.ps
] [485.8.25
Non-PDF special ignored!
<special> psfile=../ps/calc2/locbeha2.ps
] [486.8.25] [487.8.25
Non-PDF special ignored!
<special> psfile=../ps/calc2/locbeha3.ps
] [488.8.25]
Overfull \hbox (8.48198pt too wide) in paragraph at lines 1441--1444
[]\OT1/cmr/m/n/12 Finally, us-ing the val-ues given for the dif-fer-ent pa-ram-
e-ters back on page 473[],
 []

[489.8.25] [490.8.25] [491.8.25
Non-PDF special ignored!
<special> psfile=../ps/calc2/classeq1.ps
]
Underfull \vbox (badness 2790) has occurred while \output is active []

 [492.8.25
Non-PDF special ignored!
<special> psfile=../ps/calc2/classeq2.ps
Non-PDF special ignored!
<special> psfile=../ps/calc2/classeq3.ps
Non-PDF special ignored!
<special> psfile=../ps/calc2/classeq4.ps
] [493.8.25
Non-PDF special ignored!
<special> psfile=../ps/calc2/classeq5.ps
] [494.8.25] [495.8.25] [496.8.25] [497.8.25]
Overfull \vbox (7.0pt too high) has occurred while \output is active []

 [498.8.25] [499.8.25
Non-PDF special ignored!
<special> psfile=../ps/calc2/limcyc.ps
] [500.8.25] [501.8.25
Non-PDF special ignored!
<special> psfile=../ps/calc2/ctr.ps
] [502.8.25
Non-PDF special ignored!
<special> psfile=../ps/calc2/cycle.ps
Non-PDF special ignored!
<special> psfile=../ps/calc2/torus.ps
] [503.8.25
Non-PDF special ignored!
<special> psfile=../ps/calc2/lor.ps
]
Underfull \vbox (badness 1189) has occurred while \output is active []

 [504.8.25]
[505.8.25] [506.8.25] [507.8.25] [508.8.25])
\openout2 = `ch9.aux'.

 (./ch9.tex
Chapter 9.

Underfull \hbox (badness 10000) in paragraph at lines 38--44

 []

[509.8.25






Non-PDF special ignored!
<special> psfile=../ps/911/WEATHER1.PS
]
Underfull \hbox (badness 10000) in paragraph at lines 94--101

 []

[510.8.25
Non-PDF special ignored!
<special> psfile=../ps/911/WEATHER2.PS
] [511.8.25
Non-PDF special ignored!
<special> psfile=../ps/911/WEATHER3.PS
Non-PDF special ignored!
<special> psfile=../ps/911/WEATHER5.PS
]
Underfull \hbox (badness 1442) in paragraph at lines 149--154
\OT1/cmr/m/n/12 de-pends on the time of year and
 []


Underfull \hbox (badness 10000) in paragraph at lines 149--154

 []

[512.8.25
Non-PDF special ignored!
<special> psfile=../ps/911/WEATHER6.PS
Non-PDF special ignored!
<special> psfile=../ps/911/MINMAX1.PS
]
Underfull \hbox (badness 10000) in paragraph at lines 221--228

 []

[513.8.25
Non-PDF special ignored!
<special> psfile=../ps/911/MIN2.PS
Non-PDF special ignored!
<special> psfile=../ps/911/MAX2.PS
Non-PDF special ignored!
<special> psfile=../ps/911/SADDLE1.PS
]
Underfull \hbox (badness 10000) in paragraph at lines 240--244

 []


Underfull \hbox (badness 10000) in paragraph at lines 254--259

 []


Underfull \hbox (badness 10000) in paragraph at lines 297--301

 []

[514.8.25
Non-PDF special ignored!
<special> psfile=../ps/911/SADDLE2.PS
Non-PDF special ignored!
<special> psfile=../ps/911/SADDLE3.PS
Non-PDF special ignored!
<special> psfile=../ps/911/SADDLE4.PS
] [515.8.25
Non-PDF special ignored!
<special> psfile=../ps/911/CUBIC1.PS
Non-PDF special ignored!
<special> psfile=../ps/911/CUBIC2.PS
Non-PDF special ignored!
<special> psfile=../ps/911/CUBIC3.PS
Non-PDF special ignored!
<special> psfile=../ps/911/CUBIC4.PS
Non-PDF special ignored!
<special> psfile=../ps/911/CUBIC5.PS
] [516.8.25
Non-PDF special ignored!
<special> psfile=../ps/911/PENDEN1.PS
Non-PDF special ignored!
<special> psfile=../ps/911/PENDEN2.PS
]
Underfull \hbox (badness 1436) in paragraph at lines 390--394
[]  \OT1/cmr/m/n/12 No-tice that the flat $\OML/cmm/m/it/12 x; y$\OT1/cmr/m/n/1
2 -plane is shaded
 []


Underfull \hbox (badness 10000) in paragraph at lines 390--394

 []


Underfull \hbox (badness 10000) in paragraph at lines 406--415

 []


Underfull \vbox (badness 1360) has occurred while \output is active []

 [517.8.25
Non-PDF special ignored!
<special> psfile=../ps/912/DENSITY2.PS
Non-PDF special ignored!
<special> psfile=../ps/912/DENSITY1.PS
Non-PDF special ignored!
<special> psfile=../ps/912/DENSITY3.PS
] [518.8.25
Non-PDF special ignored!
<special> psfile=../ps/912/DENSITY4.PS
Non-PDF special ignored!
<special> psfile=../ps/912/density5.ps
] [519.8.25
Non-PDF special ignored!
<special> psfile=../ps/913/CONTOUR1.PS
Non-PDF special ignored!
<special> psfile=../ps/913/CONTOUR2.PS
Non-PDF special ignored!
<special> psfile=../ps/913/CONTOUR3.PS
Non-PDF special ignored!
<special> psfile=../ps/913/CONTOUR4.PS
] [520.8.25
Non-PDF special ignored!
<special> psfile=../ps/913/CONSURF1.PS
Non-PDF special ignored!
<special> psfile=../ps/913/CONSURF2.PS
Non-PDF special ignored!
<special> psfile=../ps/913/contour5.ps
] [521.8.25
Non-PDF special ignored!
<special> psfile=../ps/913/contour6.ps
Non-PDF special ignored!
<special> psfile=../ps/914/SUMGRAPH.PS
] [522.8.25
Non-PDF special ignored!
<special> psfile=../ps/914/SUMDENSE.PS
Non-PDF special ignored!
<special> psfile=../ps/914/SUMCON2.PS
Non-PDF special ignored!
<special> psfile=../ps/914/sumcon4.ps
]
Underfull \hbox (badness 10000) in paragraph at lines 723--735

 []

[523.8.25
Non-PDF special ignored!
<special> psfile=../ps/915/XYZ1.PS
] [524.8.25
Non-PDF special ignored!
<special> psfile=../ps/915/SHELLS1.PS
] [525.8.25
Non-PDF special ignored!
<special> psfile=../ps/915/SHELLS2.PS
Non-PDF special ignored!
<special> psfile=../ps/915/SHELLS3.PS
] [526.8.25] [527.8.25] [528.8.25] [529.8.25] [530.8.25] [531.8.25] [532.8.25
Non-PDF special ignored!
<special> psfile=../ps/921/micro1.ps
Non-PDF special ignored!
<special> psfile=../ps/921/micro2.ps
Non-PDF special ignored!
<special> psfile=../ps/921/micro3.ps
] [533.8.25
Non-PDF special ignored!
<special> psfile=../ps/921/micro4.ps
] [534.8.25] [535.8.25] [536.8.25
Non-PDF special ignored!
<special> psfile=../ps/922/linear1.ps
Non-PDF special ignored!
<special> psfile=../ps/922/linear2.ps
]
Underfull \hbox (badness 10000) in paragraph at lines 1377--1382

 []


Underfull \hbox (badness 10000) in paragraph at lines 1394--1403

 []

[537.8.25
Non-PDF special ignored!
<special> psfile=../ps/922/linear3.ps
Non-PDF special ignored!
<special> psfile=../ps/922/linear4.ps
Non-PDF special ignored!
<special> psfile=../ps/922/linear5.ps
] [538.8.25
Non-PDF special ignored!
<special> psfile=../ps/922/linear6.ps
Non-PDF special ignored!
<special> psfile=../ps/922/linear7.ps
Non-PDF special ignored!
<special> psfile=../ps/922/linear8.ps
] [539.8.25
Non-PDF special ignored!
<special> psfile=../ps/922/linear9.ps
Non-PDF special ignored!
<special> psfile=../ps/922/linear10.ps
Non-PDF special ignored!
<special> psfile=../ps/922/linear11.ps
] [540.8.25
Non-PDF special ignored!
<special> psfile=../ps/922/linear12.ps
]
Underfull \hbox (badness 10000) in paragraph at lines 1695--1705

 []

[541.8.25
Non-PDF special ignored!
<special> psfile=../ps/922/linear13.ps
Non-PDF special ignored!
<special> psfile=../ps/922/linear14.ps
Non-PDF special ignored!
<special> psfile=../ps/922/linear15.ps
] [542.8.25
Non-PDF special ignored!
<special> psfile=../ps/922/linear16.ps
Non-PDF special ignored!
<special> psfile=../ps/922/linear18.ps
Non-PDF special ignored!
<special> psfile=../ps/922/linear17.ps
] [543.8.25] [544.8.25
Non-PDF special ignored!
<special> psfile=../ps/921/micro5.ps
Non-PDF special ignored!
<special> psfile=../ps/921/micro6.ps
] [545.8.25
Non-PDF special ignored!
<special> psfile=../ps/922/micro7.ps
] [546.8.25
Non-PDF special ignored!
<special> psfile=../ps/923/micro9.ps
Non-PDF special ignored!
<special> psfile=../ps/923/micro10.ps
Non-PDF special ignored!
<special> psfile=../ps/923/micro11.ps
Non-PDF special ignored!
<special> psfile=../ps/923/micro12.ps
] [547.8.25
Non-PDF special ignored!
<special> psfile=../ps/923/micro9.ps
Non-PDF special ignored!
<special> psfile=../ps/923/micro13.ps
] [548.8.25
Non-PDF special ignored!
<special> psfile=../ps/924/grad1.ps
Non-PDF special ignored!
<special> psfile=../ps/924/grad2.ps
] [549.8.25
Non-PDF special ignored!
<special> psfile=../ps/924/grad3.ps
]
Underfull \hbox (badness 10000) in paragraph at lines 2208--2218

 []

[550.8.25
Non-PDF special ignored!
<special> psfile=../ps/925/shells4.ps
Non-PDF special ignored!
<special> psfile=../ps/924/grad4.ps
] [551.8.25
Non-PDF special ignored!
<special> psfile=../ps/925/contour1.ps
]
Overfull \hbox (41.69322pt too wide) detected at line 2323
[]
 []

[552.8.25] [553.8.25
Non-PDF special ignored!
<special> psfile=../ps/925/linear1.ps
Non-PDF special ignored!
<special> psfile=../ps/925/linear2.ps
] [554.8.25
Non-PDF special ignored!
<special> psfile=../ps/925/graph1.ps
Non-PDF special ignored!
<special> psfile=../ps/925/graph2.ps
] [555.8.25]
Overfull \hbox (7.25394pt too wide) in paragraph at lines 2496--2499
\OT1/cmr/m/n/12 b) Suppose the par-tial slopes be-come $+1\OML/cmm/m/it/12 :\OT
1/cmr/m/n/12 5$ and $+2\OML/cmm/m/it/12 :\OT1/cmr/m/n/12 4$ in the $\OML/cmm/m/
it/12 x$\OT1/cmr/m/n/12 - and $\OML/cmm/m/it/12 y$\OT1/cmr/m/n/12 -directions,
 []

[556.8.25]
Overfull \hbox (17.16109pt too wide) in paragraph at lines 2552--2555
\OT1/cmr/m/n/12 Estimate the fol-low-ing val-ues: $\OML/cmm/m/it/12 f\OT1/cmr/m
/n/12 (90\OML/cmm/m/it/12 ; \OT1/cmr/m/n/12 453)$, $\OML/cmm/m/it/12 f\OT1/cmr/
m/n/12 (87\OML/cmm/m/it/12 ; \OT1/cmr/m/n/12 450)$, $\OML/cmm/m/it/12 f\OT1/cmr
/m/n/12 (90\OML/cmm/m/it/12 ; \OT1/cmr/m/n/12 450)$, and $\OML/cmm/m/it/12 f\OT
1/cmr/m/n/12 (100\OML/cmm/m/it/12 ; \OT1/cmr/m/n/12 500)$.
 []

[557.8.25] [558.8.25
Non-PDF special ignored!
<special> psfile=../ps/925/cone.ps
] [559.8.25
Non-PDF special ignored!
<special> psfile=../ps/925/bowl.ps
]
Overfull \hbox (1.43066pt too wide) in paragraph at lines 2736--2739
\OT1/cmr/m/n/12 60. Con-firm that the sys-tem has an equi-lib-rium point at $(\
OML/cmm/m/it/12 R; F\OT1/cmr/m/n/12 ) = (1000\OML/cmm/m/it/12 ; \OT1/cmr/m/n/12
 18)$.
 []

[560.8.25] [561.8.25
Non-PDF special ignored!
<special> psfile=../ps/925/gradient.ps
Non-PDF special ignored!
<special> psfile=../ps/925/contour2.ps
] [562.8.25
Non-PDF special ignored!
<special> psfile=../ps/931/OPT1.PS
]
Underfull \hbox (badness 10000) in paragraph at lines 2885--2897

 []


Underfull \vbox (badness 1270) has occurred while \output is active []

 [563.8.25
Non-PDF special ignored!
<special> psfile=../ps/931/OPT2.PS
Non-PDF special ignored!
<special> psfile=../ps/931/OPT3.PS
Non-PDF special ignored!
<special> psfile=../ps/931/OPT4.PS
] [564.8.25
Non-PDF special ignored!
<special> psfile=../ps/931/OPT5.PS
Non-PDF special ignored!
<special> psfile=../ps/931/OPT6.PS
Non-PDF special ignored!
<special> psfile=../ps/931/OPT7.PS
]
Underfull \hbox (badness 10000) in paragraph at lines 3020--3029

 []


Underfull \vbox (badness 10000) has occurred while \output is active []

 [565.8.25
Non-PDF special ignored!
<special> psfile=../ps/931/OPT8.PS
Non-PDF special ignored!
<special> psfile=../ps/931/OPT9.PS
Non-PDF special ignored!
<special> psfile=../ps/931/OPT10.PS
Non-PDF special ignored!
<special> psfile=../ps/931/OPT11.PS
Non-PDF special ignored!
<special> psfile=../ps/931/OPT12.PS
Non-PDF special ignored!
<special> psfile=../ps/931/OPT13.PS
Non-PDF special ignored!
<special> psfile=../ps/931/OPT14.PS
]
Underfull \hbox (badness 10000) in paragraph at lines 3066--3070

 []


Underfull \hbox (badness 10000) in paragraph at lines 3111--3120

 []

[566.8.25
Non-PDF special ignored!
<special> psfile=../ps/931/OPT15.PS
Non-PDF special ignored!
<special> psfile=../ps/931/OPT16.PS
Non-PDF special ignored!
<special> psfile=../ps/931/OPT17.PS
Non-PDF special ignored!
<special> psfile=../ps/932/opt18.ps
Non-PDF special ignored!
<special> psfile=../ps/932/opt19.ps
Non-PDF special ignored!
<special> psfile=../ps/932/opt20.ps
] [567.8.25
Non-PDF special ignored!
<special> psfile=../ps/932/opt21.ps
Non-PDF special ignored!
<special> psfile=../ps/932/opt22.ps
Non-PDF special ignored!
<special> psfile=../ps/932/constr1.ps
Non-PDF special ignored!
<special> psfile=../ps/932/constr2.ps
]
Overfull \hbox (1.00983pt too wide) in paragraph at lines 3164--3167
[]\OT1/cmr/m/n/12 There is a stan-dard form for any con-straint that re-duces a
 two-dimensional
 []

[568.8.25
Non-PDF special ignored!
<special> psfile=../ps/932/constr3.ps
] [569.8.25
Non-PDF special ignored!
<special> psfile=../ps/932/constr4.ps
Non-PDF special ignored!
<special> psfile=../ps/932/constr5.ps
] [570.8.25
Non-PDF special ignored!
<special> psfile=../ps/933/wrap1.ps
Non-PDF special ignored!
<special> psfile=../ps/933/wrap2.ps
Non-PDF special ignored!
<special> psfile=../ps/933/wrap3.ps
Non-PDF special ignored!
<special> psfile=../ps/933/wrap5.ps
Non-PDF special ignored!
<special> psfile=../ps/933/wrap6.ps
Non-PDF special ignored!
<special> psfile=../ps/933/wrap7.ps
] [571.8.25
Non-PDF special ignored!
<special> psfile=../ps/933/wrap9.ps
Non-PDF special ignored!
<special> psfile=../ps/933/wrap10.ps
Non-PDF special ignored!
<special> psfile=../ps/933/wrap11.ps
Non-PDF special ignored!
<special> psfile=../ps/933/sample.ps
] [572.8.25] [573.8.25
Non-PDF special ignored!
<special> psfile=../ps/934/contour1.ps
] [574.8.25
Non-PDF special ignored!
<special> psfile=../ps/933/locus1.ps
Non-PDF special ignored!
<special> psfile=../ps/934/contour2.ps
]
Underfull \hbox (badness 1365) in paragraph at lines 3570--3577
\OT1/cmr/m/n/12 Even though we can't solve the equa-tions al-ge-
 []

[575.8.25
Non-PDF special ignored!
<special> psfile=../ps/934/contour3.ps
Non-PDF special ignored!
<special> psfile=../ps/934/contour4.ps
Non-PDF special ignored!
<special> psfile=../ps/934/contour5.ps
Non-PDF special ignored!
<special> psfile=../ps/934/contour6.ps
Non-PDF special ignored!
<special> psfile=../ps/934/contour7.ps
] [576.8.25
Non-PDF special ignored!
<special> psfile=../ps/934/ascent1.ps
] [577.8.25
Non-PDF special ignored!
<special> psfile=../ps/934/distrib1.ps
] [578.8.25
Non-PDF special ignored!
<special> psfile=../ps/934/descent1.ps
Non-PDF special ignored!
<special> psfile=../ps/934/distrib2.ps
] [579.8.25
Non-PDF special ignored!
<special> psfile=../ps/934/lagr1.ps
] [580.8.25] [581.8.25] [582.8.25] [583.8.25] [584.8.25] [585.8.25
Non-PDF special ignored!
<special> psfile=../ps/934/data1.ps
Non-PDF special ignored!
<special> psfile=../ps/934/data2.ps
] [586.8.25] [587.8.25] [588.8.25] [589.8.25] [590.8.25])
\openout2 = `ch10.aux'.

 (./ch10.tex
Chapter 10.
[591.8.25





] [592.8.25] [593.8.25
Non-PDF special ignored!
<special> psfile=../ps/calc2/sin1.ps
Non-PDF special ignored!
<special> psfile=../ps/calc2/sin2.ps
] [594.8.25] [595.8.25]
Overfull \hbox (7.11838pt too wide) detected at line 278
\OML/cmm/m/it/12 P\OT1/cmr/m/n/12 (0) = \OML/cmm/m/it/12 f\OT1/cmr/m/n/12 (0)\O
ML/cmm/m/it/12 ;  P[]\OT1/cmr/m/n/12 (0) = \OML/cmm/m/it/12 f[]\OT1/cmr/m/n/12 
(0)\OML/cmm/m/it/12 ;  P[]\OT1/cmr/m/n/12 (0) = \OML/cmm/m/it/12 f[]\OT1/cmr/m/
n/12 (0)\OML/cmm/m/it/12 ; [] ; P[]\OT1/cmr/m/n/12 (0) = \OML/cmm/m/it/12 f[]\O
T1/cmr/m/n/12 (0)\OML/cmm/m/it/12 :
 []


Overfull \vbox (7.0pt too high) has occurred while \output is active []

 [596.8.25] [597.8.25] [598.8.25
Non-PDF special ignored!
<special> psfile=../ps/calc2/sin3.ps
] [599.8.25] [600.8.25] [601.8.25] [602.8.25] [603.8.25
Non-PDF special ignored!
<special> psfile=../ps/calc2/j101.ps
]

LaTeX Font Warning: Command \small invalid in math mode on input line 726.

[604.8.25
Non-PDF special ignored!
<special> psfile=../ps/calc2/j102.ps
Non-PDF special ignored!
<special> psfile=../ps/calc2/j103.ps
] [605.8.25] [606.8.25] [607.8.25] [608.8.25] [609.8.25
Non-PDF special ignored!
<special> psfile=../ps/calc2/j104.ps
Non-PDF special ignored!
<special> psfile=../ps/calc2/j105.ps
] [610.8.25] [611.8.25] [612.8.25] [613.8.25] [614.8.25] [615.8.25] [616.8.25]
[617.8.25] [618.8.25] [619.8.25] [620.8.25] [621.8.25] [622.8.25
Non-PDF special ignored!
<special> psfile=../ps/calc2/Darct.ps
] [623.8.25] [624.8.25] [625.8.25] [626.8.25] [627.8.25] [628.8.25] [629.8.25]
[630.8.25] [631.8.25]
Overfull \vbox (10.0pt too high) has occurred while \output is active []

 [632.8.25] [633.8.25] [634.8.25
Non-PDF special ignored!
<special> psfile=../ps/calc2/Bessel.ps
]
Overfull \hbox (15.57082pt too wide) detected at line 2370
[]
 []

[635.8.25] [636.8.25]
Overfull \hbox (11.80864pt too wide) in paragraph at lines 2468--2477
[]  []
 []


Underfull \hbox (badness 10000) in paragraph at lines 2468--2477

 []


Overfull \hbox (0.1745pt too wide) detected at line 2483
\OT1/cmr/m/n/10.95 45400 \OMS/cmsy/m/n/10.95 ^^@ \OT1/cmr/m/n/10.95 953\OML/cmm
/m/it/10.95 :\OT1/cmr/m/n/10.95 4\OML/cmm/m/it/10.95 t \OMS/cmsy/m/n/10.95 ^^@ 
\OT1/cmr/m/n/10.95 172\OML/cmm/m/it/10.95 :\OT1/cmr/m/n/10.95 3611\OML/cmm/m/it
/10.95 t[] \OMS/cmsy/m/n/10.95 ^^@ \OT1/cmr/m/n/10.95 17\OML/cmm/m/it/10.95 :\O
T1/cmr/m/n/10.95 982061\OML/cmm/m/it/10.95 t[] \OMS/cmsy/m/n/10.95 ^^@ \OML/cmm
/m/it/10.95 :\OT1/cmr/m/n/10.95 86969127\OML/cmm/m/it/10.95 t[] \OT1/cmr/m/n/10
.95 + []  [] \OMS/cmsy/m/n/10.95 ^^@ \OT1/cmr/m/n/10.95 2\OML/cmm/m/it/10.95 :\
OT1/cmr/m/n/10.95 15010 \OMS/cmsy/m/n/10.95 ^^B \OT1/cmr/m/n/10.95 10[]\OML/cmm
/m/it/10.95 t[] \OT1/cmr/m/n/10.95 + [] 
 []


Overfull \hbox (3.82454pt too wide) detected at line 2488
\OT1/cmr/m/n/10.95 2100 + 803\OML/cmm/m/it/10.95 :\OT1/cmr/m/n/10.95 4\OML/cmm/
m/it/10.95 t \OT1/cmr/m/n/10.95 + 143\OML/cmm/m/it/10.95 :\OT1/cmr/m/n/10.95 66
824\OML/cmm/m/it/10.95 t[] \OT1/cmr/m/n/10.95 + 14\OML/cmm/m/it/10.95 :\OT1/cmr
/m/n/10.95 561389\OML/cmm/m/it/10.95 t[] \OT1/cmr/m/n/10.95 + \OML/cmm/m/it/10.
95 :\OT1/cmr/m/n/10.95 60966648\OML/cmm/m/it/10.95 t[] \OT1/cmr/m/n/10.95 + [] 
+ 2\OML/cmm/m/it/10.95 :\OT1/cmr/m/n/10.95 021195 \OMS/cmsy/m/n/10.95 ^^B \OT1/
cmr/m/n/10.95 10[]\OML/cmm/m/it/10.95 t[] \OT1/cmr/m/n/10.95 + [] 
 []

[637.8.25] [638.8.25
Non-PDF special ignored!
<special> psfile=../ps/calc2/sircalc.ps
] [639.8.25
Non-PDF special ignored!
<special> psfile=../ps/calc2/sircalc2.ps
] [640.8.25]
Overfull \hbox (5.92778pt too wide) in paragraph at lines 2704--2713
\OT1/cmr/m/n/12 b) Quantization of an-gu-lar mo-men-tum has an im-por-tant con-
se-quence. Specif-
 []

[641.8.25] [642.8.25]
Overfull \hbox (0.25755pt too wide) in paragraph at lines 2828--2829
 [] 
 []


Overfull \vbox (6.0pt too high) has occurred while \output is active []

 [643.8.25] [644.8.25] [645.8.25] [646.8.25] [647.8.25] [648.8.25] [649.8.25] [
650.8.25
Non-PDF special ignored!
<special> psfile=../ps/calc2/altseries.ps
] [651.8.25] [652.8.25] [653.8.25] [654.8.25] [655.8.25] [656.8.25] [657.8.25]
[658.8.25]
Overfull \hbox (5.98837pt too wide) in paragraph at lines 3745--3755
[] 
 []

[659.8.25] [660.8.25]
Underfull \hbox (badness 10000) in paragraph at lines 3820--3821

 []

[661.8.25]
Underfull \hbox (badness 10000) in paragraph at lines 3895--3902

 []

[662.8.25
Non-PDF special ignored!
<special> psfile=../ps/calc2/cards.ps
] [663.8.25
Non-PDF special ignored!
<special> psfile=../ps/calc2/harmonic.ps
] [664.8.25] [665.8.25] [666.8.25] [667.8.25]
Overfull \hbox (2.50703pt too wide) in paragraph at lines 4187--4193
[]\OT1/cmr/m/n/12 We know how to find points where func-tions take on their ex-
treme values---
 []

[668.8.25] [669.8.25]
Overfull \hbox (0.25755pt too wide) in paragraph at lines 4295--4296
 [] 
 []

[670.8.25] [671.8.25
Non-PDF special ignored!
<special> psfile=../ps/calc2/leastsq1.ps
] [672.8.25
Non-PDF special ignored!
<special> psfile=../ps/calc2/leastsq2.ps
] [673.8.25] [674.8.25
Non-PDF special ignored!
<special> psfile=../ps/calc2/sireuler.ps
] [675.8.25] [676.8.25] [677.8.25] [678.8.25])
\openout2 = `ch11.aux'.

 (./ch11.tex
Chapter 11.

Overfull \hbox (8.64308pt too wide) in paragraph at lines 34--37
[]\OT1/cmr/m/n/12 We will con-clude the chap-ter by de-vel-op-ing a nu-mer-i-ca
l method---Simpson's
 []

[679.8.25





] [680.8.25] [681.8.25] [682.8.25
Non-PDF special ignored!
<special> psfile=../ps/calc2/ch11-1.ps
] [683.8.25] [684.8.25
Non-PDF special ignored!
<special> psfile=../ps/calc2/ch11-2a.ps
Non-PDF special ignored!
<special> psfile=../ps/calc2/ch11-2b.ps
] [685.8.25
Non-PDF special ignored!
<special> psfile=../ps/calc2/ch11-3a.ps
Non-PDF special ignored!
<special> psfile=../ps/calc2/ch11-3b.ps
] [686.8.25] [687.8.25] [688.8.25] [689.8.25] [690.8.25] [691.8.25] [692.8.25]
[693.8.25] [694.8.25] [695.8.25] [696.8.25] [697.8.25] [698.8.25] [699.8.25]
Overfull \hbox (21.6985pt too wide) in paragraph at lines 1154--1160
\OT1/cmr/m/n/12 In the pre-ced-ing sec-tion we con-verted a cou-ple of gen-eral
 rules for differentiation---
 []

[700.8.25] [701.8.25] [702.8.25] [703.8.25]
Overfull \hbox (27.704pt too wide) in paragraph at lines 1396--1401
\OT1/cmr/m/n/12 Until now we have been us-ing the tech-nique of sub-sti-tu-tion
 to find antiderivatives---
 []

[704.8.25] [705.8.25] [706.8.25] [707.8.25] [708.8.25] [709.8.25] [710.8.25]
[711.8.25] [712.8.25] [713.8.25] [714.8.25] [715.8.25] [716.8.25] [717.8.25]
[718.8.25] [719.8.25] [720.8.25] [721.8.25] [722.8.25] [723.8.25] [724.8.25]
[725.8.25] [726.8.25] [727.8.25] [728.8.25] [729.8.25] [730.8.25] [731.8.25]
[732.8.25] [733.8.25]
Overfull \hbox (17.55261pt too wide) in paragraph at lines 3106--3106
[]|  []
 []


Underfull \hbox (badness 10000) in paragraph at lines 3106--3106

 []

[734.8.25] [735.8.25] [736.8.25] [737.8.25] [738.8.25] [739.8.25] [740.8.25]
[741.8.25] [742.8.25] [743.8.25] [744.8.25] [745.8.25] [746.8.25] [747.8.25]
[748.8.25]
Overfull \hbox (0.25467pt too wide) in paragraph at lines 3928--3931
\OT1/cmr/m/n/12 get a re-duc-tion for-mula which ex-presses $[] [][] \OML/cmm/m
/it/12 x dx$ \OT1/cmr/m/n/12 in terms of $[] [][] \OML/cmm/m/it/12 x dx$\OT1/cm
r/m/n/12 . 
 []

[749.8.25] [750.8.25] [751.8.25
Non-PDF special ignored!
<special> psfile=../ps/calc2/trap1.ps
Non-PDF special ignored!
<special> psfile=../ps/calc2/trap2.ps
] [752.8.25] [753.8.25
Non-PDF special ignored!
<special> psfile=../ps/calc2/trap3.ps
] [754.8.25] [755.8.25] [756.8.25]
Overfull \hbox (2.60918pt too wide) in paragraph at lines 4430--4432
[][] \OT1/cmr/m/n/12 In this
 []

[757.8.25] [758.8.25] [759.8.25] [760.8.25] [761.8.25] [762.8.25] [763.8.25]
[764.8.25] [765.8.25]) [766.8.25]
\openout2 = `ch12.aux'.

 (./ch12.tex
Chapter 12.
[767.8.25




] [768.8.25] [769.8.25
Non-PDF special ignored!
<special> psfile=../ps/calc2/ch121-1.ps
] [770.8.25
Non-PDF special ignored!
<special> psfile=../ps/calc2/ch121-2.ps
] [771.8.25] [772.8.25] [773.8.25] [774.8.25]
Overfull \hbox (1.1824pt too wide) in paragraph at lines 448--450
[]\OT1/cmr/m/n/12 Let $\OML/cmm/m/it/12 N$ \OT1/cmr/m/n/12 be some in-te-ger $\
OML/cmm/m/it/12 > \OT1/cmr/m/n/12 1$, and con-sider the se-quence $\OML/cmm/m/i
t/12 a[]$\OT1/cmr/m/n/12 , $\OML/cmm/m/it/12 a[]$\OT1/cmr/m/n/12 , $\OML/cmm/m/
it/12 a[]$\OT1/cmr/m/n/12 , ...defined
 []

[775.8.25] [776.8.25] [777.8.25] [778.8.25] [779.8.25] [780.8.25]
Underfull \vbox (badness 10000) has occurred while \output is active []

 [781.8.25] [782.8.25] [783.8.25] [784.8.25] [785.8.25] [786.8.25] [787.8.25] [
788.8.25]
[789.8.25] [790.8.25] [791.8.25] [792.8.25] [793.8.25] [794.8.25] [795.8.25]
[796.8.25
Non-PDF special ignored!
<special> psfile=../ps/calc2/lynx2.ps
]
Underfull \hbox (badness 10000) in paragraph at lines 1529--1535

 []

[797.8.25
Non-PDF special ignored!
<special> psfile=../ps/calc2/noise2.ps
Non-PDF special ignored!
<special> psfile=../ps/calc2/noise3.ps
]
Underfull \hbox (badness 10000) in paragraph at lines 1571--1577

 []

[798.8.25
Non-PDF special ignored!
<special> psfile=../ps/calc2/noise4.ps
] [799.8.25
Non-PDF special ignored!
<special> psfile=../ps/calc2/sintest1.ps
]
Underfull \vbox (badness 10000) has occurred while \output is active []

 [800.8.25
Non-PDF special ignored!
<special> psfile=../ps/calc2/sintest2.ps
Non-PDF special ignored!
<special> psfile=../ps/calc2/sintest3.ps
] [801.8.25] [802.8.25
Non-PDF special ignored!
<special> psfile=../ps/calc2/detect1.ps
Non-PDF special ignored!
<special> psfile=../ps/calc2/detect2.ps
]
Overfull \hbox (14.74675pt too wide) in paragraph at lines 1814--1814
[]          \OT1/cmtt/m/n/10 deltaS = (fnf(t) * SIN(twopi * omega * t) * deltat
) / (b - a)[] 
 []

[803.8.25]
Underfull \vbox (badness 10000) has occurred while \output is active []

 [804.8.25
Non-PDF special ignored!
<special> psfile=../ps/calc2/detect3.ps
Non-PDF special ignored!
<special> psfile=../ps/calc2/period3.ps
Non-PDF special ignored!
<special> psfile=../ps/calc2/detect4.ps
] [805.8.25
Non-PDF special ignored!
<special> psfile=../ps/calc2/sintest6.ps
Non-PDF special ignored!
<special> psfile=../ps/calc2/sintest5.ps
]
Underfull \hbox (badness 10000) in paragraph at lines 2004--2012

 []

[806.8.25] [807.8.25
Non-PDF special ignored!
<special> psfile=../ps/calc2/detect5.ps
] [808.8.25] [809.8.25
Non-PDF special ignored!
<special> psfile=../ps/calc2/detect6.ps
]
Overfull \hbox (35.74657pt too wide) in paragraph at lines 2218--2218
[]          \OT1/cmtt/m/n/10 deltaS = 2 * (fnf(t) * SIN(twopi * omega * t) * de
ltat) / (b - a)[] 
 []


Overfull \hbox (35.74657pt too wide) in paragraph at lines 2218--2218
[]          \OT1/cmtt/m/n/10 deltaC = 2 * (fnf(t) * COS(twopi * omega * t) * de
ltat) / (b - a)[] 
 []


Underfull \hbox (badness 10000) in paragraph at lines 2244--2248

 []

[810.8.25] [811.8.25
Non-PDF special ignored!
<special> psfile=../ps/calc2/period4.ps
Non-PDF special ignored!
<special> psfile=../ps/calc2/detect7.ps
] [812.8.25
Non-PDF special ignored!
<special> psfile=../ps/calc2/detect8.ps
] [813.8.25
Non-PDF special ignored!
<special> psfile=../ps/calc2/detect9.ps
Non-PDF special ignored!
<special> psfile=../ps/calc2/detect10.ps
] [814.8.25
Non-PDF special ignored!
<special> psfile=../ps/calc2/detect11.ps
] [815.8.25] [816.8.25] [817.8.25] [818.8.25] [819.8.25] [820.8.25] [821.8.25]
[822.8.25
Non-PDF special ignored!
<special> psfile=../ps/calc2/sawtoo1.ps
] [823.8.25]
Overfull \hbox (22.83585pt too wide) detected at line 2847
[]
 []

[824.8.25
Non-PDF special ignored!
<special> psfile=../ps/calc2/sawtoo2.ps
Non-PDF special ignored!
<special> psfile=../ps/calc2/sawtoo3.ps
] [825.8.25] [826.8.25
Non-PDF special ignored!
<special> psfile=../ps/calc2/BMay.ps
]
Overfull \vbox (14.0pt too high) has occurred while \output is active []

 [827.8.25] [828.8.25] [829.8.25]
Overfull \hbox (1.59471pt too wide) in paragraph at lines 3179--3181
\OT1/cmr/m/n/12 3. Find the Fourier se-ries for the fol-low-ing func-tions over
 the in-ter-val $[\OMS/cmsy/m/n/12 ^^@\OML/cmm/m/it/12 ^^Y; ^^Y\OT1/cmr/m/n/12 
]$: 
 []

[830.8.25] [831.8.25] [832.8.25

])
No file cic_mod.ind.
(./cic_mod.aux (./board.aux) (./ch1.aux) (./ch2.aux) (./ch3.aux) (./ch4.aux)
(./ch5.aux) (./ch6.aux) (./ch7.aux) (./ch8.aux) (./ch9.aux) (./ch10.aux)
(./ch11.aux) (./ch12.aux))
 ***********
LaTeX2e <2023-11-01> patch level 1
L3 programming layer <2024-02-20>
 ***********
 ) 
Here is how much of TeX's memory you used:
 3332 strings out of 474116
 48579 string characters out of 5743681
 1994187 words of memory out of 5000000
 25551 multiletter control sequences out of 15000+600000
 582152 words of font info for 123 fonts, out of 8000000 for 9000
 1143 hyphenation exceptions out of 8191
 56i,20n,68p,980b,363s stack positions out of 10000i,1000n,20000p,200000b,200000s
</usr/local/texlive/2024/texmf-dist/fonts/type1/public/amsfonts/cm/cmbsy10.pf
b></usr/local/texlive/2024/texmf-dist/fonts/type1/public/amsfonts/cmextra/cmbsy
8.pfb></usr/local/texlive/2024/texmf-dist/fonts/type1/public/amsfonts/cm/cmbx10
.pfb></usr/local/texlive/2024/texmf-dist/fonts/type1/public/amsfonts/cm/cmbx12.
pfb></usr/local/texlive/2024/texmf-dist/fonts/type1/public/amsfonts/cm/cmbx8.pf
b></usr/local/texlive/2024/texmf-dist/fonts/type1/public/amsfonts/cm/cmbxti10.p
fb></usr/local/texlive/2024/texmf-dist/fonts/type1/public/amsfonts/cm/cmcsc10.p
fb></usr/local/texlive/2024/texmf-dist/fonts/type1/public/amsfonts/cm/cmex10.pf
b></usr/local/texlive/2024/texmf-dist/fonts/type1/public/amsfonts/cm/cmmi10.pfb
></usr/local/texlive/2024/texmf-dist/fonts/type1/public/amsfonts/cm/cmmi12.pfb>
</usr/local/texlive/2024/texmf-dist/fonts/type1/public/amsfonts/cm/cmmi6.pfb></
usr/local/texlive/2024/texmf-dist/fonts/type1/public/amsfonts/cm/cmmi7.pfb></us
r/local/texlive/2024/texmf-dist/fonts/type1/public/amsfonts/cm/cmmi8.pfb></usr/
local/texlive/2024/texmf-dist/fonts/type1/public/amsfonts/cm/cmmib10.pfb></usr/
local/texlive/2024/texmf-dist/fonts/type1/public/amsfonts/cmextra/cmmib8.pfb></
usr/local/texlive/2024/texmf-dist/fonts/type1/public/amsfonts/cm/cmr10.pfb></us
r/local/texlive/2024/texmf-dist/fonts/type1/public/amsfonts/cm/cmr12.pfb></usr/
local/texlive/2024/texmf-dist/fonts/type1/public/amsfonts/cm/cmr17.pfb></usr/lo
cal/texlive/2024/texmf-dist/fonts/type1/public/amsfonts/cm/cmr5.pfb></usr/local
/texlive/2024/texmf-dist/fonts/type1/public/amsfonts/cm/cmr6.pfb></usr/local/te
xlive/2024/texmf-dist/fonts/type1/public/amsfonts/cm/cmr7.pfb></usr/local/texli
ve/2024/texmf-dist/fonts/type1/public/amsfonts/cm/cmr8.pfb></usr/local/texlive/
2024/texmf-dist/fonts/type1/public/amsfonts/cm/cmsl10.pfb></usr/local/texlive/2
024/texmf-dist/fonts/type1/public/amsfonts/cm/cmsl12.pfb></usr/local/texlive/20
24/texmf-dist/fonts/type1/public/amsfonts/cm/cmss10.pfb></usr/local/texlive/202
4/texmf-dist/fonts/type1/public/amsfonts/cm/cmss12.pfb></usr/local/texlive/2024
/texmf-dist/fonts/type1/public/amsfonts/cm/cmssi10.pfb></usr/local/texlive/2024
/texmf-dist/fonts/type1/public/amsfonts/cm/cmsy10.pfb></usr/local/texlive/2024/
texmf-dist/fonts/type1/public/amsfonts/cm/cmsy6.pfb></usr/local/texlive/2024/te
xmf-dist/fonts/type1/public/amsfonts/cm/cmsy7.pfb></usr/local/texlive/2024/texm
f-dist/fonts/type1/public/amsfonts/cm/cmsy8.pfb></usr/local/texlive/2024/texmf-
dist/fonts/type1/public/amsfonts/cm/cmti12.pfb></usr/local/texlive/2024/texmf-d
ist/fonts/type1/public/amsfonts/cm/cmti8.pfb></usr/local/texlive/2024/texmf-dis
t/fonts/type1/public/amsfonts/cm/cmtt10.pfb></usr/local/texlive/2024/texmf-dist
/fonts/type1/public/amsfonts/cm/cmtt12.pfb></usr/local/texlive/2024/texmf-dist/
fonts/type1/public/amsfonts/latxfont/lcircle1.pfb></usr/local/texlive/2024/texm
f-dist/fonts/type1/public/amsfonts/latxfont/line10.pfb></usr/local/texlive/2024
/texmf-dist/fonts/type1/public/amsfonts/latxfont/linew10.pfb></usr/local/texliv
e/2024/texmf-dist/fonts/type1/public/amsfonts/symbols/msam10.pfb></usr/local/te
xlive/2024/texmf-dist/fonts/type1/public/cm-super/sfrm1000.pfb></usr/local/texl
ive/2024/texmf-dist/fonts/type1/public/cm-super/sfrm1200.pfb>
Output written on cic_mod.pdf (835 pages, 2501451 bytes).
PDF statistics:
 2917 PDF objects out of 2984 (max. 8388607)
 1976 compressed objects within 20 object streams
 0 named destinations out of 1000 (max. 500000)
 6 words of extra memory for PDF output out of 10000 (max. 10000000)

